This is LuaTeX, Version beta-0.76.0-2013062821 (rev 4627)  (format=lualatex 2014.11.3)  16 FEB 2016 17:54
**1radiciembre.tex

("C:/Users/Alexis/Google Drive/Clases colegio boston school/previas y examens d
e diciembre/1radiciembre.tex"
LaTeX2e <2014/05/01>
Babel <3.9l> and hyphenation patterns for 68 languages loaded.
("C:/Program Files/MiKTeX 2.9/tex/latex/exam/exam.cls"
Document Class: exam 2011/05/22 Version 2.4 by Philip Hirschhorn
("C:/Program Files/MiKTeX 2.9/tex/latex/base/ifthen.sty"
Package: ifthen 2014/09/29 v1.1c Standard LaTeX ifthen package (DPC)
)
("C:/Program Files/MiKTeX 2.9/tex/latex/base/article.cls"
Document Class: article 2014/09/29 v1.4h Standard LaTeX document class
("C:/Program Files/MiKTeX 2.9/tex/latex/base/size11.clo"
File: size11.clo 2014/09/29 v1.4h Standard LaTeX file (size option)
)
\c@part=\count79
\c@section=\count80
\c@subsection=\count81
\c@subsubsection=\count82
\c@paragraph=\count83
\c@subparagraph=\count84
\c@figure=\count85
\c@table=\count86
\abovecaptionskip=\skip41
\belowcaptionskip=\skip42
\bibindent=\dimen102
)
\@extrawidth=\skip43
\@rightmargin=\skip44
\@extrahead=\skip45
\@extrafoot=\skip46
\run@exhd=\skip47
\fp@exhd=\skip48
\run@exft=\skip49
\fp@exft=\skip50
\covrun@exhd=\skip51
\covfp@exhd=\skip52
\covrun@exft=\skip53
\covfp@exft=\skip54
\c@num@coverpages=\count87
\c@latest@ques=\count88
\c@ques@end=\count89
\c@last@object=\count90
\c@incmp@ques=\count91
\c@next@ques=\count92
\c@nextq@page=\count93
\c@tmp@hlfcntr=\count94
\c@ifpos@cntr=\count95
\c@question=\count96
\c@partno=\count97
\c@subpart=\count98
\c@subsubpart=\count99
\c@choice=\count100
\c@numpoints=\count101
\c@numbonuspoints=\count102
\c@pointsof@thisquestion=\count103
\c@bonuspointsof@thisquestion=\count104
\c@numquestions=\count105
\c@numparts=\count106
\c@numsubparts=\count107
\c@numsubsubparts=\count108
\c@Curr@Page=\count109
\c@@pagepoints=\count110
\c@@pagebonuspoints=\count111
\c@pageof@pagepoints=\count112
\c@pageof@pagebonuspoints=\count113
\c@latest@points=\count114
\c@latest@bonuspoints=\count115
\pageinfo@commands=\toks14
\temp@toks=\toks15
\pagepoint@commands=\toks16
\point@toks=\toks17
\c@ques@object=\count116
\marginpointssep=\skip55
\rightpointsmargin=\skip56
\choice@toks=\toks18
\answerlinelength=\skip57
\answerskip=\skip58
\answerclearance=\skip59
\linefillheight=\skip60
\linefillthickness=\skip61
\dottedlinefillheight=\skip62
\minboxheight=\skip63
\c@@iterator=\count117
\@cellwidth=\skip64
\c@tbl@points=\count118
\c@tbl@bonuspoints=\count119
\c@num@cols=\count120
\saved@totalleftmargin=\dimen103
\@sollistdepth=\count121
\FrameRule=\dimen104
\FrameSep=\dimen105
)
("C:/Program Files/MiKTeX 2.9/tex/latex/babel/babel.sty"
Package: babel 2014/09/25 3.9l The Babel package

*************************************
* Local config file bblopts.cfg used
*
("C:/Program Files/MiKTeX 2.9/tex/latex/00miktex/bblopts.cfg"
File: bblopts.cfg 2006/07/31 v1.0 MiKTeX 'babel' configuration
)
("C:/Program Files/MiKTeX 2.9/tex/latex/babel-spanish/spanish.ldf"
Language: spanish.ldf 2014/04/24 v5.0n Spanish support from the babel system

("C:/Program Files/MiKTeX 2.9/tex/latex/babel/babel.def"
File: babel.def 2014/09/25 3.9l Babel common definitions
\babel@savecnt=\count122
\U@D=\dimen106

("C:/Program Files/MiKTeX 2.9/tex/latex/babel/luababel.def"
luatex-hyphen: using data file: C:/ProgramData/MiKTeX/2.9/tex/generic/config/lan
guage.dat.lua))
\es@quottoks=\toks19
\es@quotdepth=\count123
Package babel Info: Making " an active character on input line 516.
Package babel Info: Making . an active character on input line 617.
Package babel Info: Making < an active character on input line 662.
Package babel Info: Making > an active character on input line 662.
luatex-hyphen: loading patterns and exceptions for: spanish (\language57)))
("C:/Program Files/MiKTeX 2.9/tex/latex/tools/multicol.sty"
Package: multicol 2014/08/24 v1.8g multicolumn formatting (FMi)
\c@tracingmulticols=\count124
\mult@box=\box26
\multicol@leftmargin=\dimen107
\c@unbalance=\count125
\c@collectmore=\count126
\doublecol@number=\count127
\multicoltolerance=\count128
\multicolpretolerance=\count129
\full@width=\dimen108
\page@free=\dimen109
\premulticols=\dimen110
\postmulticols=\dimen111
\multicolsep=\skip65
\multicolbaselineskip=\skip66
\partial@page=\box27
\last@line=\box28
\maxbalancingoverflow=\dimen112
\mult@rightbox=\box29
\mult@grightbox=\box30
\mult@gfirstbox=\box31
\mult@firstbox=\box32
\@tempa=\box33
\@tempa=\box34
\@tempa=\box35
\@tempa=\box36
\@tempa=\box37
\@tempa=\box38
\@tempa=\box39
\@tempa=\box40
\@tempa=\box41
\@tempa=\box42
\@tempa=\box43
\@tempa=\box44
\@tempa=\box45
\@tempa=\box46
\@tempa=\box47
\@tempa=\box48
\@tempa=\box49
\c@columnbadness=\count130
\c@finalcolumnbadness=\count131
\last@try=\dimen113
\multicolovershoot=\dimen114
\multicolundershoot=\dimen115
\mult@nat@firstbox=\box50
\colbreak@box=\box51
\mc@col@check@num=\count132
)
("C:/Program Files/MiKTeX 2.9/tex/latex/fontspec/fontspec.sty"
Package: fontspec 2014/06/21 v2.4a Font selection for XeLaTeX and LuaLaTeX

("C:/Program Files/MiKTeX 2.9/tex/latex/l3kernel/expl3.sty"
Package: expl3 2014/09/15 v5423 L3 programming layer (loader) 

("C:/Program Files/MiKTeX 2.9/tex/latex/l3kernel/expl3-code.tex"
Package: expl3 2014/09/15 v5423 L3 programming layer (code) 
L3 Module: l3bootstrap 2014/08/23 v5354 L3 Bootstrap code

("C:/Program Files/MiKTeX 2.9/tex/latex/misc/etex.sty"
Package: etex 1998/03/26 v2.0 eTeX basic definition package (PEB)
\et@xins=\count133
)
L3 Module: l3names 2014/08/22 v5343 L3 Namespace for primitives
L3 Module: l3basics 2014/08/24 v5364 L3 Basic definitions
L3 Module: l3expan 2014/08/22 v5349 L3 Argument expansion
L3 Module: l3tl 2014/08/24 v5359 L3 Token lists
L3 Module: l3str 2014/08/24 v5368 L3 Strings
L3 Module: l3seq 2014/08/23 v5354 L3 Sequences and stacks
L3 Module: l3int 2014/09/14 v5421 L3 Integers
\c_max_int=\count134
\l_tmpa_int=\count135
\l_tmpb_int=\count136
\g_tmpa_int=\count137
\g_tmpb_int=\count138
L3 Module: l3quark 2014/08/23 v5354 L3 Quarks
L3 Module: l3prg 2014/08/23 v5354 L3 Control structures
\g__prg_map_int=\count139
L3 Module: l3clist 2014/08/23 v5354 L3 Comma separated lists
L3 Module: l3token 2014/09/15 v5422 L3 Experimental token manipulation
L3 Module: l3prop 2014/08/23 v5354 L3 Property lists
L3 Module: l3msg 2014/08/24 v5358 L3 Messages
L3 Module: l3file 2014/08/24 v5369 L3 File and I/O operations
\l_iow_line_count_int=\count140
\l__iow_target_count_int=\count141
\l__iow_current_line_int=\count142
\l__iow_current_word_int=\count143
\l__iow_current_indentation_int=\count144
L3 Module: l3skip 2014/08/23 v5354 L3 Dimensions and skips
\c_zero_dim=\dimen116
\c_max_dim=\dimen117
\l_tmpa_dim=\dimen118
\l_tmpb_dim=\dimen119
\g_tmpa_dim=\dimen120
\g_tmpb_dim=\dimen121
\c_zero_skip=\skip67
\c_max_skip=\skip68
\l_tmpa_skip=\skip69
\l_tmpb_skip=\skip70
\g_tmpa_skip=\skip71
\g_tmpb_skip=\skip72
\c_zero_muskip=\muskip10
\c_max_muskip=\muskip11
\l_tmpa_muskip=\muskip12
\l_tmpb_muskip=\muskip13
\g_tmpa_muskip=\muskip14
\g_tmpb_muskip=\muskip15
L3 Module: l3keys 2014/08/23 v5354 L3 Key-value interfaces
\g__keyval_level_int=\count145
\l_keys_choice_int=\count146
L3 Module: l3fp 2014/08/22 v5336 L3 Floating points
\c__fp_leading_shift_int=\count147
\c__fp_middle_shift_int=\count148
\c__fp_trailing_shift_int=\count149
\c__fp_big_leading_shift_int=\count150
\c__fp_big_middle_shift_int=\count151
\c__fp_big_trailing_shift_int=\count152
\c__fp_Bigg_leading_shift_int=\count153
\c__fp_Bigg_middle_shift_int=\count154
\c__fp_Bigg_trailing_shift_int=\count155
L3 Module: l3box 2014/08/23 v5354 L3 Experimental boxes
\c_empty_box=\box52
\l_tmpa_box=\box53
\l_tmpb_box=\box54
\g_tmpa_box=\box55
\g_tmpb_box=\box56
L3 Module: l3coffins 2014/08/23 v5354 L3 Coffin code layer
\l__coffin_internal_box=\box57
\l__coffin_internal_dim=\dimen122
\l__coffin_offset_x_dim=\dimen123
\l__coffin_offset_y_dim=\dimen124
\l__coffin_x_dim=\dimen125
\l__coffin_y_dim=\dimen126
\l__coffin_x_prime_dim=\dimen127
\l__coffin_y_prime_dim=\dimen128
\c_empty_coffin=\box58
\l__coffin_aligned_coffin=\box59
\l__coffin_aligned_internal_coffin=\box60
\l_tmpa_coffin=\box61
\l_tmpb_coffin=\box62
\l__coffin_display_coffin=\box63
\l__coffin_display_coord_coffin=\box64
\l__coffin_display_pole_coffin=\box65
\l__coffin_display_offset_dim=\dimen129
\l__coffin_display_x_dim=\dimen130
\l__coffin_display_y_dim=\dimen131
L3 Module: l3color 2014/08/23 v5354 L3 Experimental color support
L3 Module: l3candidates 2014/08/24 v5366 L3 Experimental additions to l3kernel
\l__box_top_dim=\dimen132
\l__box_bottom_dim=\dimen133
\l__box_left_dim=\dimen134
\l__box_right_dim=\dimen135
\l__box_top_new_dim=\dimen136
\l__box_bottom_new_dim=\dimen137
\l__box_left_new_dim=\dimen138
\l__box_right_new_dim=\dimen139
\l__box_internal_box=\box66
\l__coffin_bounding_shift_dim=\dimen140
\l__coffin_left_corner_dim=\dimen141
\l__coffin_right_corner_dim=\dimen142
\l__coffin_bottom_corner_dim=\dimen143
\l__coffin_top_corner_dim=\dimen144
\l__coffin_scaled_total_height_dim=\dimen145
\l__coffin_scaled_width_dim=\dimen146
)
("C:/Program Files/MiKTeX 2.9/tex/latex/l3kernel/l3unicode-data.def"
File: l3unicode-data.def 2014/08/12 v5276 L3 Unicode data
)
("C:/Program Files/MiKTeX 2.9/tex/latex/l3kernel/l3pdfmode.def"
File: l3pdfmode.def 2014/08/24 v5366 L3 Experimental driver: PDF mode
\l__driver_color_stack_int=\count156
))
("C:/Program Files/MiKTeX 2.9/tex/latex/l3packages/xparse/xparse.sty"
Package: xparse 2014/09/15 v5423 L3 Experimental document command parser
\l__xparse_current_arg_int=\count157
\l__xparse_m_args_int=\count158
\l__xparse_mandatory_args_int=\count159
\l__xparse_processor_int=\count160
\l__xparse_v_nesting_int=\count161
)
("C:/Program Files/MiKTeX 2.9/tex/luatex/luaotfload/luaotfload.sty"
Package: luaotfload 2014/08/10 v2.5-4 OpenType layout system

("C:/Program Files/MiKTeX 2.9/tex/luatex/luatexbase/luatexbase.sty"
Package: luatexbase 2013/05/11 v0.6 Resource management for the LuaTeX macro pro
grammer

("C:/Program Files/MiKTeX 2.9/tex/generic/oberdiek/ifluatex.sty"
Package: ifluatex 2010/03/01 v1.3 Provides the ifluatex switch (HO)
Package ifluatex Info: LuaTeX detected.
)
("C:/Program Files/MiKTeX 2.9/tex/generic/oberdiek/luatex.sty"
Package: luatex 2010/03/09 v0.4 LuaTeX basic definition package (HO)

("C:/Program Files/MiKTeX 2.9/tex/generic/oberdiek/infwarerr.sty"
Package: infwarerr 2010/04/08 v1.3 Providing info/warning/error messages (HO)
)
\LuT@AllocAttribute=\count277
\LuT@AllocCatcodeTable=\count278
\CatcodeTableStack=\count279
\CatcodeTableIniTeX=\catcodetable1
\CatcodeTableString=\catcodetable3
\CatcodeTableOther=\catcodetable5
\CatcodeTableLaTeX=\catcodetable7

("C:/Program Files/MiKTeX 2.9/tex/generic/oberdiek/luatex-loader.sty"
Package: luatex-loader 2010/03/09 v0.4 Lua module loader (HO)

(C:/Program Files/MiKTeX 2.9/scripts/oberdiek/oberdiek.luatex.lua)))
("C:/Program Files/MiKTeX 2.9/tex/luatex/luatexbase/luatexbase-compat.sty"
Package: luatexbase-compat 2011/05/24 v0.4 Compatibility tools for LuaTeX
)
("C:/Program Files/MiKTeX 2.9/tex/luatex/luatexbase/luatexbase-modutils.sty"
Package: luatexbase-modutils 2013/05/11 v0.6 Module utilities for LuaTeX

("C:/Program Files/MiKTeX 2.9/tex/luatex/luatexbase/luatexbase-loader.sty"
Package: luatexbase-loader 2013/05/11 v0.6 Lua module loader for LuaTeX

(C:/Program Files/MiKTeX 2.9/tex/luatex/luatexbase/luatexbase.loader.lua))
(C:/Program Files/MiKTeX 2.9/tex/luatex/luatexbase/modutils.lua)
Lua module: luatexbase-modutils 2013/05/11 0.6 Module utilities for LuaTeX
)
("C:/Program Files/MiKTeX 2.9/tex/luatex/luatexbase/luatexbase-regs.sty"
Package: luatexbase-regs 2011/05/24 v0.4 Registers allocation for LuaTeX
)
("C:/Program Files/MiKTeX 2.9/tex/luatex/luatexbase/luatexbase-attr.sty"
Package: luatexbase-attr 2013/05/11 v0.6 Attributes allocation for LuaTeX

(C:/Program Files/MiKTeX 2.9/tex/luatex/luatexbase/attr.lua)
Lua module: luatexbase-attr 2013/05/11 0.6 Attributes allocation for LuaTeX
\lltxb@attr@unsetvalue=\count280
)
("C:/Program Files/MiKTeX 2.9/tex/luatex/luatexbase/luatexbase-cctb.sty"
Package: luatexbase-cctb 2013/05/11 v0.6 Catcodetable allocation for LuaTeX

(C:/Program Files/MiKTeX 2.9/tex/luatex/luatexbase/cctb.lua)
Lua module: luatexbase-cctb 2013/05/11 0.6 Catcodetable allocation for LuaTeX
\lltxb@catcodetable@alloc=\count281
\CatcodeTableStack=\count282
\CatcodeTableIniTeX=\luatexcatcodetable1
\CatcodeTableString=\luatexcatcodetable3
\CatcodeTableOther=\luatexcatcodetable5
\CatcodeTableLaTeX=\luatexcatcodetable7
\CatcodeTableLaTeXAtLetter=\luatexcatcodetable9
\CatcodeTableExpl=\luatexcatcodetable11
)
("C:/Program Files/MiKTeX 2.9/tex/luatex/luatexbase/luatexbase-mcb.sty"
Package: luatexbase-mcb 2013/05/11 v0.6 Callback management for LuaTeX

(C:/Program Files/MiKTeX 2.9/tex/luatex/luatexbase/mcb.lua)
Lua module: luatexbase-mcb 2013/05/11 0.6 register several functions in a callba
ck
))
(C:/Program Files/MiKTeX 2.9/tex/luatex/luaotfload/luaotfload-main.lua)
Lua module: luaotfload-main 2014/08/10 2.50003 OpenType layout system.

Module luaotfload-main warning: LuaTeX v0.76 is old, v0.79 or later is recommend
ed.
(C:/Program Files/MiKTeX 2.9/tex/luatex/luaotfload/luaotfload-log.lua)
(C:/Program Files/MiKTeX 2.9/tex/luatex/luaotfload/luaotfload-fontloader.lua)(us
ing cache: C:/Users/Alexis/AppData/Local/MiKTeX/2.9/luatex-cache/generic)
luatexbase-attr: luatexbase.attributes["luaotfload@kernpair"] = 1
luatexbase-attr: luatexbase.attributes["luaotfload@ligacomp"] = 2
luatexbase-attr: luatexbase.attributes["luaotfload@markbase"] = 3
luatexbase-attr: luatexbase.attributes["luaotfload@markmark"] = 4
luatexbase-attr: luatexbase.attributes["luaotfload@markdone"] = 5
luatexbase-attr: luatexbase.attributes["luaotfload@cursbase"] = 6
luatexbase-attr: luatexbase.attributes["luaotfload@curscurs"] = 7
luatexbase-attr: luatexbase.attributes["luaotfload@cursdone"] = 8
luatexbase-attr: luatexbase.attributes["luaotfload@state"] = 9
luaotfload | main : fontloader loaded in 0.121 seconds
luatexbase-mcb: inserting 'luaotfload.node_processor'
at position 1 in 'pre_linebreak_filter'
luatexbase-mcb: inserting 'luaotfload.node_processor'
at position 1 in 'hpack_filter'
luatexbase-mcb: inserting 'luaotfload.find_vf_file'
at position 1 in 'find_vf_file'
(C:/Program Files/MiKTeX 2.9/tex/luatex/luaotfload/luaotfload-override.lua)
(C:/Program Files/MiKTeX 2.9/tex/luatex/luaotfload/luaotfload-parsers.lua)
(C:/Program Files/MiKTeX 2.9/tex/luatex/luaotfload/luaotfload-configuration.lua)
(C:/Program Files/MiKTeX 2.9/tex/luatex/luaotfload/luaotfload-status.lua)
luaotfload | conf : Root cache directory is C:/Users/Alexis/AppData/Local/MiKTeX
/2.9/luatex-cache/generic/names.
(C:/Program Files/MiKTeX 2.9/tex/luatex/luaotfload/luaotfload-loaders.lua)
(C:/Program Files/MiKTeX 2.9/tex/luatex/luaotfload/luaotfload-database.lua)
(C:/Program Files/MiKTeX 2.9/tex/luatex/luaotfload/luaotfload-colors.lua)
luaotfload | conf : Root cache directory is C:/Users/Alexis/AppData/Local/MiKTeX
/2.9/luatex-cache/generic/names.
luatexbase-mcb: creating 'luaotfload.resolve_font' type 4
luatexbase-mcb: creating 'luaotfload.patch_font' type 4
luatexbase-mcb: resetting callback 'define_font'
luatexbase-mcb: inserting 'luaotfload.define_font'
at position 1 in 'define_font'
(C:/Program Files/MiKTeX 2.9/tex/luatex/luaotfload/luaotfload-features.lua)
(C:/Program Files/MiKTeX 2.9/tex/luatex/luaotfload/luaotfload-letterspace.lua)
(C:/Program Files/MiKTeX 2.9/tex/luatex/luaotfload/luaotfload-auxiliary.lua)
luatexbase-mcb: inserting 'luaotfload.aux.set_sscale_dimens'
at position 1 in 'luaotfload.patch_font'
luatexbase-mcb: inserting 'luaotfload.aux.patch_cambria_domh'
at position 2 in 'luaotfload.patch_font'
luatexbase-mcb: inserting 'luaotfload.aux.set_capheight'
at position 3 in 'luaotfload.patch_font'
luatexbase-mcb: inserting 'luaotfload.rewrite_fontname'
at position 4 in 'luaotfload.patch_font')
(C:/Program Files/MiKTeX 2.9/tex/latex/fontspec/fontspec.lua)
Lua module: fontspec 2013/05/20 2.3c Advanced font selection for LuaLaTeX.
\l_fontspec_script_int=\count283
\l_fontspec_language_int=\count284
\l_fontspec_strnum_int=\count285
\l__fontspec_tmpa_dim=\dimen256
\l__fontspec_tmpb_dim=\dimen257
\l__fontspec_tmpc_dim=\dimen258
Variant \tl_gset:cV already defined; not changing it on line 71

("C:/Program Files/MiKTeX 2.9/tex/latex/fontspec/fontspec-patches.sty"
Package: fontspec-patches 2014/06/21 v2.4a Font selection for XeLaTeX and LuaLaT
eX
LaTeX Info: Redefining \em on input line 38.
LaTeX Info: Redefining \emph on input line 46.
LaTeX Info: Redefining \- on input line 49.
.................................................
. LaTeX info: "xparse/redefine-command"
. 
. Redefining command \oldstylenums with sig. 'm' on line 144.
.................................................
.................................................
. LaTeX info: "xparse/define-command"
. 
. Defining command \liningnums with sig. 'm' on line 148.
.................................................
)
("C:/Program Files/MiKTeX 2.9/tex/latex/fontspec/fontspec-luatex.sty"
Package: fontspec-luatex 2014/06/21 v2.4a Font selection for XeLaTeX and LuaLaTe
X

("C:/Program Files/MiKTeX 2.9/tex/latex/base/fontenc.sty"
Package: fontenc 2005/09/27 v1.99g Standard LaTeX package

("C:/Program Files/MiKTeX 2.9/tex/latex/euenc/eu2enc.def"
File: eu2enc.def 2010/05/27 v0.1h Experimental Unicode font encodings
)
LaTeX Font Info:    Try loading font information for EU2+lmr on input line 100.

("C:/Program Files/MiKTeX 2.9/tex/latex/euenc/eu2lmr.fd"
File: eu2lmr.fd 2009/10/30 v1.6 Font defs for Latin Modern
)
luaotfload | db : Font names database loaded from C:/Users/Alexis/AppData/Local/
MiKTeX/2.9/luatex-cache/generic/names/luaotfload-names.luc(load luc: C:/Users/Al
exis/AppData/Local/MiKTeX/2.9/luatex-cache/generic/fonts/otf/lmroman10-regular.l
uc)) ("C:/Program Files/MiKTeX 2.9/tex/xelatex/xunicode/xunicode.sty"
File: xunicode.sty 2011/09/09 v0.981 provides access to latin accents and many o
ther characters in Unicode lower plane

("C:/Program Files/MiKTeX 2.9/tex/latex/tipa/t3enc.def"
File: t3enc.def 2001/12/31 T3 encoding
(load luc: C:/Users/Alexis/AppData/Local/MiKTeX/2.9/luatex-cache/generic/fonts/o
tf/lmromanslant10-regular.luc)(load luc: C:/Users/Alexis/AppData/Local/MiKTeX/2.
9/luatex-cache/generic/fonts/otf/lmroman10-italic.luc)(load luc: C:/Users/Alexis
/AppData/Local/MiKTeX/2.9/luatex-cache/generic/fonts/otf/lmroman10-bold.luc)
LaTeX Font Info:    Try loading font information for EU2+lmss on input line 357.


("C:/Program Files/MiKTeX 2.9/tex/latex/euenc/eu2lmss.fd"
File: eu2lmss.fd 2009/10/30 v1.6 Font defs for Latin Modern
)(load luc: C:/Users/Alexis/AppData/Local/MiKTeX/2.9/luatex-cache/generic/fonts/
otf/lmsans10-regular.luc))
\tipaTiiicode=\count286
\tipasavetokens=\toks20
\tipachecktokens=\toks21
 ("C:/Program Files/MiKTeX 2.9/tex/latex/graphics/graphicx.sty"
Package: graphicx 2014/04/25 v1.0g Enhanced LaTeX Graphics (DPC,SPQR)

("C:/Program Files/MiKTeX 2.9/tex/latex/graphics/keyval.sty"
Package: keyval 2014/05/08 v1.15 key=value parser (DPC)
\KV@toks@=\toks22
)
("C:/Program Files/MiKTeX 2.9/tex/latex/graphics/graphics.sty"
Package: graphics 2009/02/05 v1.0o Standard LaTeX Graphics (DPC,SPQR)

("C:/Program Files/MiKTeX 2.9/tex/latex/graphics/trig.sty"
Package: trig 1999/03/16 v1.09 sin cos tan (DPC)
)
("C:/Program Files/MiKTeX 2.9/tex/latex/00miktex/graphics.cfg"
File: graphics.cfg 2007/01/18 v1.5 graphics configuration of teTeX/TeXLive
)
Package graphics Info: Driver file: pdftex.def on input line 91.

("C:/Program Files/MiKTeX 2.9/tex/latex/pdftex-def/pdftex.def"
File: pdftex.def 2011/05/27 v0.06d Graphics/color for pdfTeX

("C:/Program Files/MiKTeX 2.9/tex/generic/oberdiek/ltxcmds.sty"
Package: ltxcmds 2011/11/09 v1.22 LaTeX kernel commands for general use (HO)
)
("C:/Program Files/MiKTeX 2.9/tex/generic/oberdiek/pdftexcmds.sty"
Package: pdftexcmds 2011/11/29 v0.20 Utility functions of pdfTeX for LuaTeX (HO)


("C:/Program Files/MiKTeX 2.9/tex/generic/oberdiek/ifpdf.sty"
Package: ifpdf 2011/01/30 v2.3 Provides the ifpdf switch (HO)
Package ifpdf Info: pdfTeX in PDF mode is detected.
)
Package pdftexcmds Info: \pdf@primitive is available.
Package pdftexcmds Info: \pdf@ifprimitive is available.
Package pdftexcmds Info: \pdfdraftmode found.

(C:/Program Files/MiKTeX 2.9/scripts/oberdiek/pdftexcmds.lua)
\pdftexcmds@toks=\toks23
)
\Gread@gobject=\count287
))
\Gin@req@height=\dimen259
\Gin@req@width=\dimen260
))
.................................................
. LaTeX info: "xparse/define-command"
. 
. Defining command \fontspec with sig. 'O{}mO{}' on line 44.
.................................................
.................................................
. LaTeX info: "xparse/define-command"
. 
. Defining command \setmainfont with sig. 'O{}mO{}' on line 50.
.................................................
.................................................
. LaTeX info: "xparse/define-command"
. 
. Defining command \setsansfont with sig. 'O{}mO{}' on line 56.
.................................................
.................................................
. LaTeX info: "xparse/define-command"
. 
. Defining command \setmonofont with sig. 'O{}mO{}' on line 62.
.................................................
.................................................
. LaTeX info: "xparse/define-command"
. 
. Defining command \setmathrm with sig. 'O{}mO{}' on line 71.
.................................................
.................................................
. LaTeX info: "xparse/define-command"
. 
. Defining command \setboldmathrm with sig. 'O{}mO{}' on line 75.
.................................................
.................................................
. LaTeX info: "xparse/define-command"
. 
. Defining command \setmathsf with sig. 'O{}mO{}' on line 79.
.................................................
.................................................
. LaTeX info: "xparse/define-command"
. 
. Defining command \setmathtt with sig. 'O{}mO{}' on line 83.
.................................................
.................................................
. LaTeX info: "xparse/define-command"
. 
. Defining command \newfontfamily with sig. 'mO{}mO{}' on line 102.
.................................................
.................................................
. LaTeX info: "xparse/define-command"
. 
. Defining command \newfontface with sig. 'mO{}mO{}' on line 106.
.................................................
.................................................
. LaTeX info: "xparse/define-command"
. 
. Defining command \defaultfontfeatures with sig. 't+om' on line 115.
.................................................
.................................................
. LaTeX info: "xparse/define-command"
. 
. Defining command \addfontfeatures with sig. 'm' on line 173.
.................................................
.................................................
. LaTeX info: "xparse/define-command"
. 
. Defining command \newfontfeature with sig. 'mm' on line 184.
.................................................
.................................................
. LaTeX info: "xparse/define-command"
. 
. Defining command \newAATfeature with sig. 'mmmm' on line 192.
.................................................
.................................................
. LaTeX info: "xparse/define-command"
. 
. Defining command \newopentypefeature with sig. 'mmm' on line 200.
.................................................
.................................................
. LaTeX info: "xparse/define-command"
. 
. Defining command \aliasfontfeature with sig. 'mm' on line 229.
.................................................
.................................................
. LaTeX info: "xparse/define-command"
. 
. Defining command \aliasfontfeatureoption with sig. 'mmm' on line 231.
.................................................
.................................................
. LaTeX info: "xparse/define-command"
. 
. Defining command \newfontscript with sig. 'mm' on line 236.
.................................................
.................................................
. LaTeX info: "xparse/define-command"
. 
. Defining command \newfontlanguage with sig. 'mm' on line 262.
.................................................
.................................................
. LaTeX info: "xparse/define-command"
. 
. Defining command \DeclareFontsExtensions with sig. 'm' on line 282.
.................................................
Variant \prop_gput:cnV already defined; not changing it on line 666
Variant \prop_gput:cnx already defined; not changing it on line 667
\l__fontspec_tmp_int=\count288
LaTeX Info: Redefining \itshape on input line 2117.
LaTeX Info: Redefining \slshape on input line 2122.
LaTeX Info: Redefining \scshape on input line 2127.
LaTeX Info: Redefining \upshape on input line 2132.

("C:/Program Files/MiKTeX 2.9/tex/latex/fontspec/fontspec.cfg")))
("C:/Program Files/MiKTeX 2.9/tex/latex/geometry/geometry.sty"
Package: geometry 2010/09/12 v5.6 Page Geometry

("C:/Program Files/MiKTeX 2.9/tex/generic/oberdiek/ifvtex.sty"
Package: ifvtex 2010/03/01 v1.5 Detect VTeX and its facilities (HO)
Package ifvtex Info: VTeX not detected.
)
("C:/Program Files/MiKTeX 2.9/tex/generic/ifxetex/ifxetex.sty"
Package: ifxetex 2010/09/12 v0.6 Provides ifxetex conditional
)
\Gm@cnth=\count289
\Gm@cntv=\count290
\c@Gm@tempcnt=\count291
\Gm@bindingoffset=\dimen261
\Gm@wd@mp=\dimen262
\Gm@odd@mp=\dimen263
\Gm@even@mp=\dimen264
\Gm@layoutwidth=\dimen265
\Gm@layoutheight=\dimen266
\Gm@layouthoffset=\dimen267
\Gm@layoutvoffset=\dimen268
\Gm@dimlist=\toks24

("C:/Program Files/MiKTeX 2.9/tex/latex/geometry/geometry.cfg"))
("C:/Program Files/MiKTeX 2.9/tex/latex/amsmath/amsmath.sty"
Package: amsmath 2013/01/14 v2.14 AMS math features
\@mathmargin=\skip256

For additional information on amsmath, use the `?' option.
("C:/Program Files/MiKTeX 2.9/tex/latex/amsmath/amstext.sty"
Package: amstext 2000/06/29 v2.01

("C:/Program Files/MiKTeX 2.9/tex/latex/amsmath/amsgen.sty"
File: amsgen.sty 1999/11/30 v2.0
\@emptytoks=\toks25
\ex@=\dimen269
))
("C:/Program Files/MiKTeX 2.9/tex/latex/amsmath/amsbsy.sty"
Package: amsbsy 1999/11/29 v1.2d
\pmbraise@=\dimen270
)
("C:/Program Files/MiKTeX 2.9/tex/latex/amsmath/amsopn.sty"
Package: amsopn 1999/12/14 v2.01 operator names
)
\inf@bad=\count292
LaTeX Info: Redefining \frac on input line 210.
\uproot@=\count293
\leftroot@=\count294
LaTeX Info: Redefining \overline on input line 306.
\classnum@=\count295
\DOTSCASE@=\count296
LaTeX Info: Redefining \ldots on input line 378.
LaTeX Info: Redefining \dots on input line 381.
LaTeX Info: Redefining \cdots on input line 466.
\Mathstrutbox@=\box256
\strutbox@=\box257
\big@size=\dimen271
LaTeX Font Info:    Redeclaring font encoding OML on input line 566.
LaTeX Font Info:    Redeclaring font encoding OMS on input line 567.
\macc@depth=\count297
\c@MaxMatrixCols=\count298
\dotsspace@=\muskip16
\c@parentequation=\count299
\dspbrk@lvl=\count300
\tag@help=\toks26
\row@=\count301
\column@=\count302
\maxfields@=\count303
\andhelp@=\toks27
\eqnshift@=\dimen272
\alignsep@=\dimen273
\tagshift@=\dimen274
\tagwidth@=\dimen275
\totwidth@=\dimen276
\lineht@=\dimen277
\@envbody=\toks28
\multlinegap=\skip257
\multlinetaggap=\skip258
\mathdisplay@stack=\toks29
LaTeX Info: Redefining \[ on input line 2665.
LaTeX Info: Redefining \] on input line 2666.
)
("C:/Program Files/MiKTeX 2.9/tex/latex/amsfonts/amssymb.sty"
Package: amssymb 2013/01/14 v3.01 AMS font symbols

("C:/Program Files/MiKTeX 2.9/tex/latex/amsfonts/amsfonts.sty"
Package: amsfonts 2013/01/14 v3.01 Basic AMSFonts support
\symAMSa=\mathgroup4
\symAMSb=\mathgroup5
LaTeX Font Info:    Overwriting math alphabet `\mathfrak' in version `bold'
(Font)                  U/euf/m/n --> U/euf/b/n on input line 106.
))
("C:/Program Files/MiKTeX 2.9/tex/latex/natbib/natbib.sty"
Package: natbib 2010/09/13 8.31b (PWD, AO)
\bibhang=\skip259
\bibsep=\skip260
LaTeX Info: Redefining \cite on input line 694.
\c@NAT@ctr=\count304
)
("C:/Program Files/MiKTeX 2.9/tex/latex/hyperref/hyperref.sty"
Package: hyperref 2012/11/06 v6.83m Hypertext links for LaTeX

("C:/Program Files/MiKTeX 2.9/tex/generic/oberdiek/hobsub-hyperref.sty"
Package: hobsub-hyperref 2012/04/25 v1.12 Bundle oberdiek, subset hyperref (HO)

("C:/Program Files/MiKTeX 2.9/tex/generic/oberdiek/hobsub-generic.sty"
Package: hobsub-generic 2012/04/25 v1.12 Bundle oberdiek, subset generic (HO)
Package: hobsub 2012/04/25 v1.12 Construct package bundles (HO)
Package hobsub Info: Skipping package `infwarerr' (already loaded).
Package hobsub Info: Skipping package `ltxcmds' (already loaded).
Package hobsub Info: Skipping package `ifluatex' (already loaded).
Package hobsub Info: Skipping package `ifvtex' (already loaded).
Package: intcalc 2007/09/27 v1.1 Expandable calculations with integers (HO)
Package hobsub Info: Skipping package `ifpdf' (already loaded).
Package: etexcmds 2011/02/16 v1.5 Avoid name clashes with e-TeX commands (HO)
Package: kvsetkeys 2012/04/25 v1.16 Key value parser (HO)
Package: kvdefinekeys 2011/04/07 v1.3 Define keys (HO)
Package hobsub Info: Skipping package `luatex-loader' (already loaded).
Package hobsub Info: Skipping package `pdftexcmds' (already loaded).
Package: pdfescape 2011/11/25 v1.13 Implements pdfTeX's escape features (HO)
Package: bigintcalc 2012/04/08 v1.3 Expandable calculations on big integers (HO)

Package: bitset 2011/01/30 v1.1 Handle bit-vector datatype (HO)
Package: uniquecounter 2011/01/30 v1.2 Provide unlimited unique counter (HO)
)
Package hobsub Info: Skipping package `hobsub' (already loaded).
Package: letltxmacro 2010/09/02 v1.4 Let assignment for LaTeX macros (HO)
Package: hopatch 2011/06/24 v1.1 Wrapper for package hooks (HO)
Package: xcolor-patch 2011/01/30 xcolor patch
Package: atveryend 2011/06/30 v1.8 Hooks at the very end of document (HO)
Package atveryend Info: \enddocument detected (standard20110627).
Package: atbegshi 2011/10/05 v1.16 At begin shipout hook (HO)
Package: refcount 2011/10/16 v3.4 Data extraction from label references (HO)
Package: hycolor 2011/01/30 v1.7 Color options for hyperref/bookmark (HO)
)
("C:/Program Files/MiKTeX 2.9/tex/latex/oberdiek/auxhook.sty"
Package: auxhook 2011/03/04 v1.3 Hooks for auxiliary files (HO)
)
("C:/Program Files/MiKTeX 2.9/tex/latex/oberdiek/kvoptions.sty"
Package: kvoptions 2011/06/30 v3.11 Key value format for package options (HO)
)
\@linkdim=\dimen278
\Hy@linkcounter=\count305
\Hy@pagecounter=\count306

("C:/Program Files/MiKTeX 2.9/tex/latex/hyperref/pd1enc.def"
File: pd1enc.def 2012/11/06 v6.83m Hyperref: PDFDocEncoding definition (HO)
)
\Hy@SavedSpaceFactor=\count307

("C:/Program Files/MiKTeX 2.9/tex/latex/00miktex/hyperref.cfg"
File: hyperref.cfg 2002/06/06 v1.2 hyperref configuration of TeXLive
)
Package hyperref Info: Hyper figures OFF on input line 4443.
Package hyperref Info: Link nesting OFF on input line 4448.
Package hyperref Info: Hyper index ON on input line 4451.
Package hyperref Info: Plain pages OFF on input line 4458.
Package hyperref Info: Backreferencing OFF on input line 4463.
Package hyperref Info: Implicit mode ON; LaTeX internals redefined.
Package hyperref Info: Bookmarks ON on input line 4688.
\c@Hy@tempcnt=\count308

("C:/Program Files/MiKTeX 2.9/tex/latex/url/url.sty"
\Urlmuskip=\muskip17
Package: url 2013/09/16  ver 3.4  Verb mode for urls, etc.
)
LaTeX Info: Redefining \url on input line 5041.
\XeTeXLinkMargin=\dimen279
\Fld@menulength=\count309
\Field@Width=\dimen280
\Fld@charsize=\dimen281
Package hyperref Info: Hyper figures OFF on input line 6295.
Package hyperref Info: Link nesting OFF on input line 6300.
Package hyperref Info: Hyper index ON on input line 6303.
Package hyperref Info: backreferencing OFF on input line 6310.
Package hyperref Info: Link coloring OFF on input line 6315.
Package hyperref Info: Link coloring with OCG OFF on input line 6320.
Package hyperref Info: PDF/A mode OFF on input line 6325.
LaTeX Info: Redefining \ref on input line 6365.
LaTeX Info: Redefining \pageref on input line 6369.
\Hy@abspage=\count310
\c@Item=\count311
\c@Hfootnote=\count312
)

Package hyperref Message: Driver (autodetected): hpdftex.

("C:/Program Files/MiKTeX 2.9/tex/latex/hyperref/hpdftex.def"
File: hpdftex.def 2012/11/06 v6.83m Hyperref driver for pdfTeX
\Fld@listcount=\count313
\c@bookmark@seq@number=\count314

("C:/Program Files/MiKTeX 2.9/tex/latex/oberdiek/rerunfilecheck.sty"
Package: rerunfilecheck 2011/04/15 v1.7 Rerun checks for auxiliary files (HO)
Package uniquecounter Info: New unique counter `rerunfilecheck' on input line 28
2.
)
\Hy@SectionHShift=\skip261
)
("C:/Program Files/MiKTeX 2.9/tex/latex/oberdiek/epstopdf.sty"
Package: epstopdf 2010/02/09 v2.5 Conversion with epstopdf on the fly (HO)

("C:/Program Files/MiKTeX 2.9/tex/latex/oberdiek/epstopdf-base.sty"
Package: epstopdf-base 2010/02/09 v2.5 Base part for package epstopdf

("C:/Program Files/MiKTeX 2.9/tex/latex/oberdiek/grfext.sty"
Package: grfext 2010/08/19 v1.1 Manage graphics extensions (HO)
)

Package epstopdf Warning: Shell escape feature is not enabled.

Package grfext Info: Graphics extension search list:
(grfext)             [.png,.pdf,.jpg,.mps,.jpeg,.jbig2,.jb2,.PNG,.PDF,.JPG,.JPEG
,.JBIG2,.JB2,.eps]
(grfext)             \AppendGraphicsExtensions on input line 452.
)) ("C:/Program Files/MiKTeX 2.9/tex/latex/capt-of/capt-of.sty"
Package: capt-of 2009/12/29 v0.2 standard captions outside of floats
)
("C:/Program Files/MiKTeX 2.9/tex/latex/was/gensymb.sty"
Package: gensymb 2003/07/02 v1.0 (WaS)
)
("C:/Program Files/MiKTeX 2.9/tex/latex/float/float.sty"
Package: float 2001/11/08 v1.3d Float enhancements (AL)
\c@float@type=\count315
\float@exts=\toks30
\float@box=\box258
\@float@everytoks=\toks31
\@floatcapt=\box259
)
("C:/Program Files/MiKTeX 2.9/tex/latex/wrapfig/wrapfig.sty"
\wrapoverhang=\dimen282
\WF@size=\dimen283
\c@WF@wrappedlines=\count316
\WF@box=\box260
\WF@everypar=\toks32
Package: wrapfig 2003/01/31  v 3.6
)
("C:/Program Files/MiKTeX 2.9/tex/latex/pst-fractal/pst-fractal.sty"
("C:/Program Files/MiKTeX 2.9/tex/latex/pstricks/pstricks.sty"
Package: pstricks 2013/12/12 v0.60 LaTeX wrapper for `PSTricks' (RN,HV)

("C:/Program Files/MiKTeX 2.9/tex/generic/pstricks/base/pstricks.tex"
("C:/Program Files/MiKTeX 2.9/tex/generic/xkeyval/pst-xkey.tex"
File: pst-xkey.tex 2005/11/25 v1.6 PSTricks specialization of xkeyval (HA)

("C:/Program Files/MiKTeX 2.9/tex/latex/xkeyval/xkeyval.sty"
Package: xkeyval 2014/05/25 v2.7 package option processing (HA)

("C:/Program Files/MiKTeX 2.9/tex/generic/xkeyval/xkeyval.tex"
("C:/Program Files/MiKTeX 2.9/tex/generic/xkeyval/xkvutils.tex"
\XKV@toks=\toks33
\XKV@tempa@toks=\toks34
)
\XKV@depth=\count317
File: xkeyval.tex 2014/05/25 v2.7 key=value parser (HA)
)))
("C:/Program Files/MiKTeX 2.9/tex/generic/pstricks/base/pst-fp.tex"
`pst-fp' v0.05, 2010/01/17 (hv)
\pstFP@xs=\count318
\pstFP@xia=\count319
\pstFP@xib=\count320
\pstFP@xfa=\count321
\pstFP@xfb=\count322
\pstFP@rega=\count323
\pstFP@regb=\count324
\pstFP@regs=\count325
\pstFP@times=\count326
)
("C:/Program Files/MiKTeX 2.9/tex/generic/pgf/utilities/pgfutil-common.tex"
\pgfutil@everybye=\toks35
\pgfutil@tempdima=\dimen284
\pgfutil@tempdimb=\dimen285

("C:/Program Files/MiKTeX 2.9/tex/generic/pgf/utilities/pgfutil-common-lists.te
x")) ("C:/Program Files/MiKTeX 2.9/tex/generic/pgf/utilities/pgfkeys.code.tex"
\pgfkeys@pathtoks=\toks36
\pgfkeys@temptoks=\toks37

("C:/Program Files/MiKTeX 2.9/tex/generic/pgf/utilities/pgfkeysfiltered.code.te
x"
\pgfkeys@tmptoks=\toks38
)) ("C:/Program Files/MiKTeX 2.9/tex/generic/pgf/utilities/pgffor.code.tex"
("C:/Program Files/MiKTeX 2.9/tex/generic/pgf/math/pgfmath.code.tex"
("C:/Program Files/MiKTeX 2.9/tex/generic/pgf/math/pgfmathcalc.code.tex"
("C:/Program Files/MiKTeX 2.9/tex/generic/pgf/math/pgfmathutil.code.tex"
\pgf@x=\dimen286
\pgf@xa=\dimen287
\pgf@xb=\dimen288
\pgf@xc=\dimen289
\pgf@y=\dimen290
\pgf@ya=\dimen291
\pgf@yb=\dimen292
\pgf@yc=\dimen293
\c@pgf@counta=\count327
\c@pgf@countb=\count328
\c@pgf@countc=\count329
\c@pgf@countd=\count330
\pgfutil@tempcnta=\count331
\pgfutil@tempcntb=\count332
)
("C:/Program Files/MiKTeX 2.9/tex/generic/pgf/math/pgfmathparser.code.tex"
\pgfmath@dimen=\dimen294
\pgfmath@count=\count333
\pgfmath@box=\box261
\pgfmath@toks=\toks39
\pgfmath@stack@operand=\toks40
\pgfmath@stack@operation=\toks41
)
("C:/Program Files/MiKTeX 2.9/tex/generic/pgf/math/pgfmathfunctions.code.tex"
("C:/Program Files/MiKTeX 2.9/tex/generic/pgf/math/pgfmathfunctions.basic.code.
tex")
("C:/Program Files/MiKTeX 2.9/tex/generic/pgf/math/pgfmathfunctions.trigonometr
ic.code.tex")
("C:/Program Files/MiKTeX 2.9/tex/generic/pgf/math/pgfmathfunctions.random.code
.tex")
("C:/Program Files/MiKTeX 2.9/tex/generic/pgf/math/pgfmathfunctions.comparison.
code.tex")
("C:/Program Files/MiKTeX 2.9/tex/generic/pgf/math/pgfmathfunctions.base.code.t
ex")
("C:/Program Files/MiKTeX 2.9/tex/generic/pgf/math/pgfmathfunctions.round.code.
tex")
("C:/Program Files/MiKTeX 2.9/tex/generic/pgf/math/pgfmathfunctions.misc.code.t
ex")
("C:/Program Files/MiKTeX 2.9/tex/generic/pgf/math/pgfmathfunctions.integerarit
hmetics.code.tex")))
("C:/Program Files/MiKTeX 2.9/tex/generic/pgf/math/pgfmathfloat.code.tex"
\c@pgfmathroundto@lastzeros=\count334
))
\pgffor@iter=\dimen295
\pgffor@skip=\dimen296
\pgffor@stack=\toks42
\pgffor@toks=\toks43
)
\psLoopIndex=\count335

`PSTricks' v2.57  <2014/08/27> (tvz)
\pst@dima=\dimen297
\pst@dimb=\dimen298
\pst@dimc=\dimen299
\pst@dimd=\dimen300
\pst@dimg=\dimen301
\pst@dimh=\dimen302
\pst@dimm=\dimen303
\pst@dimn=\dimen304
\pst@dimo=\dimen305
\pst@dimp=\dimen306
\pst@hbox=\box262
\pst@ibox=\box263
\pst@boxg=\box264
\pst@cnta=\count336
\pst@cntb=\count337
\pst@cntc=\count338
\pst@cntd=\count339
\pst@cntg=\count340
\pst@cnth=\count341
\pst@cntm=\count342
\pst@cntn=\count343
\pst@cnto=\count344
\pst@cntp=\count345
\@zero=\count346
\pst@toks=\toks44
("C:/Program Files/MiKTeX 2.9/tex/generic/pstricks/base/pstricks.con")
\psunit=\dimen307
\psxunit=\dimen308
\psyunit=\dimen309
\pst@C@@rType=\count347
\pslinewidth=\dimen310
\psk@startLW=\dimen311
\psk@endLW=\dimen312
\pst@customdefs=\toks45
\pslinearc=\dimen313
\pst@symbolStep=\dimen314
\pst@symbolWidth=\dimen315
\pst@symbolLinewidth=\dimen316
\everypsbox=\toks46
\psframesep=\dimen317
\pslabelsep=\dimen318
\sh@wgridXunit=\dimen319
\sh@wgridYunit=\dimen320
\pst@shift=\dimen321
)
File: pstricks.tex 2014/08/27 v2.57 `PSTricks' (tvz,hv)

("C:/Program Files/MiKTeX 2.9/tex/generic/pstricks/base/pst-fp.tex")
File: pst-fp.tex 2014/08/27 v2.57 `PST-fp' (hv)

("C:/Program Files/MiKTeX 2.9/tex/latex/xcolor/xcolor.sty"
Package: xcolor 2007/01/21 v2.11 LaTeX color extensions (UK)

("C:/Program Files/MiKTeX 2.9/tex/latex/00miktex/color.cfg"
File: color.cfg 2007/01/18 v1.5 color configuration of teTeX/TeXLive
)
Package xcolor Info: Driver file: pdftex.def on input line 225.
Package xcolor Info: Model `cmy' substituted by `cmy0' on input line 1337.
Package xcolor Info: Model `hsb' substituted by `rgb' on input line 1341.
Package xcolor Info: Model `RGB' extended on input line 1353.
Package xcolor Info: Model `HTML' substituted by `rgb' on input line 1355.
Package xcolor Info: Model `Hsb' substituted by `hsb' on input line 1356.
Package xcolor Info: Model `tHsb' substituted by `hsb' on input line 1357.
Package xcolor Info: Model `HSB' substituted by `hsb' on input line 1358.
Package xcolor Info: Model `Gray' substituted by `gray' on input line 1359.
Package xcolor Info: Model `wave' substituted by `hsb' on input line 1360.
))
Package: pst-fractal 2007/09/25 package wrapper for pst-fractal.tex (hv)

("C:/Program Files/MiKTeX 2.9/tex/generic/pst-fractal/pst-fractal.tex"
("C:/Program Files/MiKTeX 2.9/tex/generic/pstricks-add/pstricks-add.tex"
("C:/Program Files/MiKTeX 2.9/tex/generic/pst-plot/pst-plot.tex"
("C:/Program Files/MiKTeX 2.9/tex/generic/pst-tools/pst-tools.tex"
`PST-tools' v0.05, 2014/05/12 (hv))
("C:/Program Files/MiKTeX 2.9/tex/generic/multido/multido.tex"
 v1.42, 2010/05/14 <tvz>
\multido@count=\count348
\multidocount=\count349
\multido@stuff=\toks47
)  v1.70, 2014/08/23 (tvz,hv)
\pstRadUnit=\dimen322
\pstRadUnitInv=\dimen323
\pst@linecnt=\count350
\RCD@file=\read1
\psxlabelsep=\dimen324
\psylabelsep=\dimen325
\psk@subticksize=\dimen326
\pst@xticksizeA=\dimen327
\pst@xticksizeB=\dimen328
\pst@xticksizeC=\dimen329
\pst@yticksizeA=\dimen330
\pst@yticksizeB=\dimen331
\pst@yticksizeC=\dimen332
\@digitcounter=\count351
\psk@llx=\dimen333
\psk@lly=\dimen334
\psk@urx=\dimen335
\psk@ury=\dimen336
\pst@xunit=\dimen337
\pst@yunit=\dimen338
)
("C:/Program Files/MiKTeX 2.9/tex/generic/pst-node/pst-node.tex"
 v1.35, 2014/08/04
\psrow=\count352
\pscol=\count353
\psmatrixcnt=\count354
\psrowsep=\skip262
\pscolsep=\skip263
\pst@args=\count355
\num@pts=\count356
\pst@argcnt=\count357
) ("C:/Program Files/MiKTeX 2.9/tex/generic/pst-3d/pst-3d.tex" `PST-3d' v1.11, 
2010/02/14 (tvz))
("C:/Program Files/MiKTeX 2.9/tex/generic/pst-math/pst-math.tex"
`pst-math' v0.63 , (CJ,hv)) `pstricks-add' v3.75, 2014/07/22 (dr,hv)
\psparallelogramsep=\dimen339
\pshooklength=\dimen340
\pshookwidth=\dimen341
\pst@cntC=\count358
\chart@ColorIndex=\dimen342
\chart@ColorStep=\dimen343
\pst@chartHeight=\dimen344
\pst@chartStackDepth=\dimen345
\pst@chartStackWidth=\dimen346
\chart@Toggle=\count359
\psVectorCtr=\count360
)
`PST-fractal' v0.06, 2010/02/10 (hv)
\pst@fractal@xWidth=\dimen347
\pst@fractal@yWidth=\dimen348
\pst@fractal@minWidth=\dimen349
\pst@fractal@Radius=\dimen350
)
File: pst-fractal.tex 2010/02/10 v0.06 `PST-fractal' (hv)
)

! LaTeX Error: Option clash for package color.

See the LaTeX manual or LaTeX Companion for explanation.
Type  H <return>  for immediate help.
 ...                                              
                                                  
l.27 \usepackage
              {pgf,tikz}
The package color has already been loaded with options:
  []
There has now been an attempt to load it with options
  [usenames]
Adding the global options:
  ,usenames
to your \documentclass declaration may fix this.
Try typing  <return>  to proceed.

("C:/Program Files/MiKTeX 2.9/tex/latex/pgf/basiclayer/pgf.sty"
("C:/Program Files/MiKTeX 2.9/tex/latex/pgf/utilities/pgfrcs.sty"
("C:/Program Files/MiKTeX 2.9/tex/generic/pgf/utilities/pgfutil-common.tex"
\pgfutil@everybye=\toks48
\pgfutil@tempdima=\dimen351
\pgfutil@tempdimb=\dimen352

("C:/Program Files/MiKTeX 2.9/tex/generic/pgf/utilities/pgfutil-common-lists.te
x")) ("C:/Program Files/MiKTeX 2.9/tex/generic/pgf/utilities/pgfutil-latex.def"
\pgfutil@abb=\box265
("C:/Program Files/MiKTeX 2.9/tex/latex/ms/everyshi.sty"
Package: everyshi 2001/05/15 v3.00 EveryShipout Package (MS)
))
("C:/Program Files/MiKTeX 2.9/tex/generic/pgf/utilities/pgfrcs.code.tex"
Package: pgfrcs 2013/12/20 v3.0.0 (rcs-revision 1.28)
))
Package: pgf 2013/12/18 v3.0.0 (rcs-revision 1.14)

("C:/Program Files/MiKTeX 2.9/tex/latex/pgf/basiclayer/pgfcore.sty"
("C:/Program Files/MiKTeX 2.9/tex/latex/pgf/systemlayer/pgfsys.sty"
("C:/Program Files/MiKTeX 2.9/tex/generic/pgf/systemlayer/pgfsys.code.tex"
Package: pgfsys 2013/11/30 v3.0.0 (rcs-revision 1.47)

("C:/Program Files/MiKTeX 2.9/tex/generic/pgf/utilities/pgfkeys.code.tex")
\pgf@x=\dimen353
\pgf@y=\dimen354
\pgf@xa=\dimen355
\pgf@ya=\dimen356
\pgf@xb=\dimen357
\pgf@yb=\dimen358
\pgf@xc=\dimen359
\pgf@yc=\dimen360
\w@pgf@writea=\write3
\r@pgf@reada=\read2
\c@pgf@counta=\count361
\c@pgf@countb=\count362
\c@pgf@countc=\count363
\c@pgf@countd=\count364
\t@pgf@toka=\toks49
\t@pgf@tokb=\toks50
\t@pgf@tokc=\toks51

("C:/Program Files/MiKTeX 2.9/tex/generic/pgf/systemlayer/pgf.cfg"
File: pgf.cfg 2008/05/14  (rcs-revision 1.7)
)
Driver file for pgf: pgfsys-pdftex.def

("C:/Program Files/MiKTeX 2.9/tex/generic/pgf/systemlayer/pgfsys-pdftex.def"
File: pgfsys-pdftex.def 2013/07/18  (rcs-revision 1.33)

("C:/Program Files/MiKTeX 2.9/tex/generic/pgf/systemlayer/pgfsys-common-pdf.def
"
File: pgfsys-common-pdf.def 2013/10/10  (rcs-revision 1.13)
)))
("C:/Program Files/MiKTeX 2.9/tex/generic/pgf/systemlayer/pgfsyssoftpath.code.t
ex"
File: pgfsyssoftpath.code.tex 2013/09/09  (rcs-revision 1.9)
\pgfsyssoftpath@smallbuffer@items=\count365
\pgfsyssoftpath@bigbuffer@items=\count366
)
("C:/Program Files/MiKTeX 2.9/tex/generic/pgf/systemlayer/pgfsysprotocol.code.t
ex"
File: pgfsysprotocol.code.tex 2006/10/16  (rcs-revision 1.4)
)) ("C:/Program Files/MiKTeX 2.9/tex/generic/pgf/basiclayer/pgfcore.code.tex"
Package: pgfcore 2010/04/11 v3.0.0 (rcs-revision 1.7)
 ("C:/Program Files/MiKTeX 2.9/tex/generic/pgf/math/pgfmath.code.tex")
("C:/Program Files/MiKTeX 2.9/tex/generic/pgf/basiclayer/pgfcorepoints.code.tex
"
File: pgfcorepoints.code.tex 2013/10/07  (rcs-revision 1.27)
\pgf@picminx=\dimen361
\pgf@picmaxx=\dimen362
\pgf@picminy=\dimen363
\pgf@picmaxy=\dimen364
\pgf@pathminx=\dimen365
\pgf@pathmaxx=\dimen366
\pgf@pathminy=\dimen367
\pgf@pathmaxy=\dimen368
\pgf@xx=\dimen369
\pgf@xy=\dimen370
\pgf@yx=\dimen371
\pgf@yy=\dimen372
\pgf@zx=\dimen373
\pgf@zy=\dimen374
)
("C:/Program Files/MiKTeX 2.9/tex/generic/pgf/basiclayer/pgfcorepathconstruct.c
ode.tex"
File: pgfcorepathconstruct.code.tex 2013/10/07  (rcs-revision 1.29)
\pgf@path@lastx=\dimen375
\pgf@path@lasty=\dimen376
)
("C:/Program Files/MiKTeX 2.9/tex/generic/pgf/basiclayer/pgfcorepathusage.code.
tex"
File: pgfcorepathusage.code.tex 2013/12/13  (rcs-revision 1.23)
\pgf@shorten@end@additional=\dimen377
\pgf@shorten@start@additional=\dimen378
)
("C:/Program Files/MiKTeX 2.9/tex/generic/pgf/basiclayer/pgfcorescopes.code.tex
"
File: pgfcorescopes.code.tex 2013/10/09  (rcs-revision 1.44)
\pgfpic=\box266
\pgf@hbox=\box267
\pgf@layerbox@main=\box268
\pgf@picture@serial@count=\count367
)
("C:/Program Files/MiKTeX 2.9/tex/generic/pgf/basiclayer/pgfcoregraphicstate.co
de.tex"
File: pgfcoregraphicstate.code.tex 2013/09/19  (rcs-revision 1.11)
\pgflinewidth=\dimen379
)
("C:/Program Files/MiKTeX 2.9/tex/generic/pgf/basiclayer/pgfcoretransformations
.code.tex"
File: pgfcoretransformations.code.tex 2013/10/10  (rcs-revision 1.17)
\pgf@pt@x=\dimen380
\pgf@pt@y=\dimen381
\pgf@pt@temp=\dimen382
)
("C:/Program Files/MiKTeX 2.9/tex/generic/pgf/basiclayer/pgfcorequick.code.tex"
File: pgfcorequick.code.tex 2008/10/09  (rcs-revision 1.3)
)
("C:/Program Files/MiKTeX 2.9/tex/generic/pgf/basiclayer/pgfcoreobjects.code.te
x"
File: pgfcoreobjects.code.tex 2006/10/11  (rcs-revision 1.2)
)
("C:/Program Files/MiKTeX 2.9/tex/generic/pgf/basiclayer/pgfcorepathprocessing.
code.tex"
File: pgfcorepathprocessing.code.tex 2013/09/09  (rcs-revision 1.9)
)
("C:/Program Files/MiKTeX 2.9/tex/generic/pgf/basiclayer/pgfcorearrows.code.tex
"
File: pgfcorearrows.code.tex 2013/11/07  (rcs-revision 1.40)
\pgfarrowsep=\dimen383
)
("C:/Program Files/MiKTeX 2.9/tex/generic/pgf/basiclayer/pgfcoreshade.code.tex"
File: pgfcoreshade.code.tex 2013/07/15  (rcs-revision 1.15)
\pgf@max=\dimen384
\pgf@sys@shading@range@num=\count368
) ("C:/Program Files/MiKTeX 2.9/tex/generic/pgf/basiclayer/pgfcoreimage.code.te
x"
File: pgfcoreimage.code.tex 2013/07/15  (rcs-revision 1.18)

("C:/Program Files/MiKTeX 2.9/tex/generic/pgf/basiclayer/pgfcoreexternal.code.t
ex"
File: pgfcoreexternal.code.tex 2013/07/15  (rcs-revision 1.20)
\pgfexternal@startupbox=\box269
))
("C:/Program Files/MiKTeX 2.9/tex/generic/pgf/basiclayer/pgfcorelayers.code.tex
"
File: pgfcorelayers.code.tex 2013/07/18  (rcs-revision 1.7)
)
("C:/Program Files/MiKTeX 2.9/tex/generic/pgf/basiclayer/pgfcoretransparency.co
de.tex"
File: pgfcoretransparency.code.tex 2013/09/30  (rcs-revision 1.5)
)
("C:/Program Files/MiKTeX 2.9/tex/generic/pgf/basiclayer/pgfcorepatterns.code.t
ex"
File: pgfcorepatterns.code.tex 2013/11/07  (rcs-revision 1.5)
)))
("C:/Program Files/MiKTeX 2.9/tex/generic/pgf/modules/pgfmoduleshapes.code.tex"
File: pgfmoduleshapes.code.tex 2013/10/31  (rcs-revision 1.34)
\pgfnodeparttextbox=\box270
) ("C:/Program Files/MiKTeX 2.9/tex/generic/pgf/modules/pgfmoduleplot.code.tex"
File: pgfmoduleplot.code.tex 2013/07/31  (rcs-revision 1.12)
)
("C:/Program Files/MiKTeX 2.9/tex/latex/pgf/compatibility/pgfcomp-version-0-65.
sty"
Package: pgfcomp-version-0-65 2007/07/03 v3.0.0 (rcs-revision 1.7)
\pgf@nodesepstart=\dimen385
\pgf@nodesepend=\dimen386
)
("C:/Program Files/MiKTeX 2.9/tex/latex/pgf/compatibility/pgfcomp-version-1-18.
sty"
Package: pgfcomp-version-1-18 2007/07/23 v3.0.0 (rcs-revision 1.1)
)) ("C:/Program Files/MiKTeX 2.9/tex/latex/pgf/frontendlayer/tikz.sty"
("C:/Program Files/MiKTeX 2.9/tex/latex/pgf/utilities/pgffor.sty"
("C:/Program Files/MiKTeX 2.9/tex/latex/pgf/utilities/pgfkeys.sty"
("C:/Program Files/MiKTeX 2.9/tex/generic/pgf/utilities/pgfkeys.code.tex"))
("C:/Program Files/MiKTeX 2.9/tex/latex/pgf/math/pgfmath.sty"
("C:/Program Files/MiKTeX 2.9/tex/generic/pgf/math/pgfmath.code.tex"))
("C:/Program Files/MiKTeX 2.9/tex/generic/pgf/utilities/pgffor.code.tex"
Package: pgffor 2013/12/13 v3.0.0 (rcs-revision 1.25)

("C:/Program Files/MiKTeX 2.9/tex/generic/pgf/math/pgfmath.code.tex")
\pgffor@iter=\dimen387
\pgffor@skip=\dimen388
\pgffor@stack=\toks52
\pgffor@toks=\toks53
))
("C:/Program Files/MiKTeX 2.9/tex/generic/pgf/frontendlayer/tikz/tikz.code.tex"
Package: tikz 2013/12/13 v3.0.0 (rcs-revision 1.142)

("C:/Program Files/MiKTeX 2.9/tex/generic/pgf/libraries/pgflibraryplothandlers.
code.tex"
File: pgflibraryplothandlers.code.tex 2013/08/31 v3.0.0 (rcs-revision 1.20)
\pgf@plot@mark@count=\count369
\pgfplotmarksize=\dimen389
)
\tikz@lastx=\dimen390
\tikz@lasty=\dimen391
\tikz@lastxsaved=\dimen392
\tikz@lastysaved=\dimen393
\tikzleveldistance=\dimen394
\tikzsiblingdistance=\dimen395
\tikz@figbox=\box271
\tikz@figbox@bg=\box272
\tikz@tempbox=\box273
\tikz@tempbox@bg=\box274
\tikztreelevel=\count370
\tikznumberofchildren=\count371
\tikznumberofcurrentchild=\count372
\tikz@fig@count=\count373

("C:/Program Files/MiKTeX 2.9/tex/generic/pgf/modules/pgfmodulematrix.code.tex"
File: pgfmodulematrix.code.tex 2013/09/17  (rcs-revision 1.8)
\pgfmatrixcurrentrow=\count374
\pgfmatrixcurrentcolumn=\count375
\pgf@matrix@numberofcolumns=\count376
)
\tikz@expandcount=\count377

("C:/Program Files/MiKTeX 2.9/tex/generic/pgf/frontendlayer/tikz/libraries/tikz
librarytopaths.code.tex"
File: tikzlibrarytopaths.code.tex 2008/06/17 v3.0.0 (rcs-revision 1.2)
)))
("C:/Program Files/MiKTeX 2.9/tex/latex/jknappen/mathrsfs.sty"
Package: mathrsfs 1996/01/01 Math RSFS package v1.0 (jk)
\symrsfs=\mathgroup6
)
("C:/Program Files/MiKTeX 2.9/tex/generic/pgf/frontendlayer/tikz/libraries/tikz
libraryarrows.code.tex"
File: tikzlibraryarrows.code.tex 2008/01/09 v3.0.0 (rcs-revision 1.1)

("C:/Program Files/MiKTeX 2.9/tex/generic/pgf/libraries/pgflibraryarrows.code.t
ex"
File: pgflibraryarrows.code.tex 2013/09/23 v3.0.0 (rcs-revision 1.16)
\arrowsize=\dimen396
))
("C:/Program Files/MiKTeX 2.9/tex/generic/pgf/frontendlayer/tikz/libraries/tikz
librarydecorations.markings.code.tex"
("C:/Program Files/MiKTeX 2.9/tex/generic/pgf/frontendlayer/tikz/libraries/tikz
librarydecorations.code.tex"
("C:/Program Files/MiKTeX 2.9/tex/generic/pgf/modules/pgfmoduledecorations.code
.tex"
\pgfdecoratedcompleteddistance=\dimen397
\pgfdecoratedremainingdistance=\dimen398
\pgfdecoratedinputsegmentcompleteddistance=\dimen399
\pgfdecoratedinputsegmentremainingdistance=\dimen400
\pgf@decorate@distancetomove=\dimen401
\pgf@decorate@repeatstate=\count378
\pgfdecorationsegmentamplitude=\dimen402
\pgfdecorationsegmentlength=\dimen403
)
\tikz@lib@dec@box=\box275
)
("C:/Program Files/MiKTeX 2.9/tex/generic/pgf/libraries/decorations/pgflibraryd
ecorations.markings.code.tex"))
("C:/Program Files/MiKTeX 2.9/tex/generic/pgf/frontendlayer/tikz/libraries/tikz
libraryshapes.geometric.code.tex"
File: tikzlibraryshapes.geometric.code.tex 2008/01/09 v3.0.0 (rcs-revision 1.1)

("C:/Program Files/MiKTeX 2.9/tex/generic/pgf/libraries/shapes/pgflibraryshapes
.geometric.code.tex"
File: pgflibraryshapes.geometric.code.tex 2008/06/26 v3.0.0 (rcs-revision 1.1)
))
("C:/Program Files/MiKTeX 2.9/tex/generic/pgf/frontendlayer/tikz/libraries/tikz
libraryshapes.code.tex"
File: tikzlibraryshapes.code.tex 2008/01/09 v3.0.0 (rcs-revision 1.1)

("C:/Program Files/MiKTeX 2.9/tex/generic/pgf/frontendlayer/tikz/libraries/tikz
libraryshapes.misc.code.tex"
File: tikzlibraryshapes.misc.code.tex 2008/01/09 v3.0.0 (rcs-revision 1.1)

("C:/Program Files/MiKTeX 2.9/tex/generic/pgf/libraries/shapes/pgflibraryshapes
.misc.code.tex"
File: pgflibraryshapes.misc.code.tex 2013/07/18 v3.0.0 (rcs-revision 1.5)
))
("C:/Program Files/MiKTeX 2.9/tex/generic/pgf/frontendlayer/tikz/libraries/tikz
libraryshapes.symbols.code.tex"
File: tikzlibraryshapes.symbols.code.tex 2008/01/09 v3.0.0 (rcs-revision 1.1)

("C:/Program Files/MiKTeX 2.9/tex/generic/pgf/libraries/shapes/pgflibraryshapes
.symbols.code.tex"
File: pgflibraryshapes.symbols.code.tex 2013/09/11 v3.0.0 (rcs-revision 1.6)
))
("C:/Program Files/MiKTeX 2.9/tex/generic/pgf/frontendlayer/tikz/libraries/tikz
libraryshapes.arrows.code.tex"
File: tikzlibraryshapes.arrows.code.tex 2008/01/09 v3.0.0 (rcs-revision 1.1)

("C:/Program Files/MiKTeX 2.9/tex/generic/pgf/libraries/shapes/pgflibraryshapes
.arrows.code.tex"
File: pgflibraryshapes.arrows.code.tex 2008/06/26 v3.0.0 (rcs-revision 1.1)
))
("C:/Program Files/MiKTeX 2.9/tex/generic/pgf/frontendlayer/tikz/libraries/tikz
libraryshapes.callouts.code.tex"
("C:/Program Files/MiKTeX 2.9/tex/generic/pgf/libraries/shapes/pgflibraryshapes
.callouts.code.tex"))
("C:/Program Files/MiKTeX 2.9/tex/generic/pgf/frontendlayer/tikz/libraries/tikz
libraryshapes.multipart.code.tex"
File: tikzlibraryshapes.multipart.code.tex 2008/01/09 v3.0.0 (rcs-revision 1.1)

("C:/Program Files/MiKTeX 2.9/tex/generic/pgf/libraries/shapes/pgflibraryshapes
.multipart.code.tex"
File: pgflibraryshapes.multipart.code.tex 2010/01/07 v3.0.0 (rcs-revision 1.2)
\pgfnodepartlowerbox=\box276
\pgfnodeparttwobox=\box277
\pgfnodepartthreebox=\box278
\pgfnodepartfourbox=\box279
\pgfnodeparttwentybox=\box280
\pgfnodepartnineteenbox=\box281
\pgfnodeparteighteenbox=\box282
\pgfnodepartseventeenbox=\box283
\pgfnodepartsixteenbox=\box284
\pgfnodepartfifteenbox=\box285
\pgfnodepartfourteenbox=\box286
\pgfnodepartthirteenbox=\box287
\pgfnodeparttwelvebox=\box288
\pgfnodepartelevenbox=\box289
\pgfnodeparttenbox=\box290
\pgfnodepartninebox=\box291
\pgfnodeparteightbox=\box292
\pgfnodepartsevenbox=\box293
\pgfnodepartsixbox=\box294
\pgfnodepartfivebox=\box295
)))
("C:/Program Files/MiKTeX 2.9/tex/generic/pgf/frontendlayer/tikz/libraries/tikz
librarysnakes.code.tex"
File: tikzlibrarysnakes.code.tex 2013/07/15 v3.0.0 (rcs-revision 1.7)


Package pgf Warning: Snakes have been superseded by decorations. Please use the 
decoration libraries instead of the snakes library on input line 14.


("C:/Program Files/MiKTeX 2.9/tex/generic/pgf/frontendlayer/tikz/libraries/tikz
librarydecorations.pathmorphing.code.tex"
("C:/Program Files/MiKTeX 2.9/tex/generic/pgf/libraries/decorations/pgflibraryd
ecorations.pathmorphing.code.tex"))
("C:/Program Files/MiKTeX 2.9/tex/generic/pgf/frontendlayer/tikz/libraries/tikz
librarydecorations.pathreplacing.code.tex"
("C:/Program Files/MiKTeX 2.9/tex/generic/pgf/libraries/decorations/pgflibraryd
ecorations.pathreplacing.code.tex"))
("C:/Program Files/MiKTeX 2.9/tex/generic/pgf/frontendlayer/tikz/libraries/tikz
librarydecorations.shapes.code.tex"
("C:/Program Files/MiKTeX 2.9/tex/generic/pgf/libraries/decorations/pgflibraryd
ecorations.shapes.code.tex")))
("C:/Program Files/MiKTeX 2.9/tex/latex/tkz-euclide/tkz-euclide.sty"
Package: tkz-euclide 2011/06/01 1.16 c for plots 2d 

("C:/Program Files/MiKTeX 2.9/tex/latex/tkz-base/tkz-base.sty"
Package: tkz-base 2011/06/01 1.16 c tkz-base

("C:/Program Files/MiKTeX 2.9/tex/generic/pgf/frontendlayer/tikz/libraries/tikz
librarycalc.code.tex"
File: tikzlibrarycalc.code.tex 2013/07/15 v3.0.0 (rcs-revision 1.9)
)
("C:/Program Files/MiKTeX 2.9/tex/generic/pgf/frontendlayer/tikz/libraries/tikz
libraryplotmarks.code.tex"
File: tikzlibraryplotmarks.code.tex 2008/01/09 v3.0.0 (rcs-revision 1.1)

("C:/Program Files/MiKTeX 2.9/tex/generic/pgf/libraries/pgflibraryplotmarks.cod
e.tex"
File: pgflibraryplotmarks.code.tex 2013/07/20 v3.0.0 (rcs-revision 1.13)
))
("C:/Program Files/MiKTeX 2.9/tex/generic/pgf/frontendlayer/tikz/libraries/tikz
librarypositioning.code.tex"
File: tikzlibrarypositioning.code.tex 2008/10/06 v3.0.0 (rcs-revision 1.7)
)
("C:/Program Files/MiKTeX 2.9/tex/generic/pgf/frontendlayer/tikz/libraries/tikz
librarypatterns.code.tex"
File: tikzlibrarypatterns.code.tex 2008/01/15 v3.0.0 (rcs-revision 1.2)

("C:/Program Files/MiKTeX 2.9/tex/generic/pgf/libraries/pgflibrarypatterns.code
.tex"
File: pgflibrarypatterns.code.tex 2008/03/03 v3.0.0 (rcs-revision 1.13)
)) ("C:/Program Files/MiKTeX 2.9/tex/latex/numprint/numprint.sty"
Package: numprint 2012/08/20 v1.39 Print numbers (HH)

("C:/Program Files/MiKTeX 2.9/tex/latex/tools/array.sty"
Package: array 2008/09/09 v2.4c Tabular extension package (FMi)
\col@sep=\dimen404
\extrarowheight=\dimen405
\NC@list=\toks54
\extratabsurround=\skip264
\backup@length=\skip265
)
\c@nprt@mantissa@digitsbefore=\count379
\c@nprt@mantissa@digitsafter=\count380
\c@nprt@exponent@digitsbefore=\count381
\c@nprt@exponent@digitsafter=\count382
\nprt@digitwidth=\skip266
\nprt@sepwidth=\skip267
\nprt@decimalwidth=\skip268
\nprt@blockwidth=\skip269
\nprt@digittoks=\toks55
\nprt@pretoks=\toks56
\nprt@posttoks=\toks57
\nprt@thisdigit=\count383
\nprt@curpos=\count384
\nprt@rndpos=\count385
\c@nprt@digitsfirstblock=\count386
\c@nprt@blockcnt=\count387
\c@nprt@cntprint=\count388

No configuration file `numprint.cfg' found.)
("C:/Program Files/MiKTeX 2.9/tex/latex/fp/fp.sty"
Package: fp 1995/04/02

`Fixed Point Package', Version 0.8, April 2, 1995 (C) Michael Mehlich
("C:/Program Files/MiKTeX 2.9/tex/latex/fp/defpattern.sty"
Package: defpattern 1994/10/12
\actioncount=\count389
)
("C:/Program Files/MiKTeX 2.9/tex/latex/fp/fp-basic.sty"
Package: fp-basic 1996/05/13
\FP@xs=\count390
\FP@xia=\count391
\FP@xib=\count392
\FP@xfa=\count393
\FP@xfb=\count394
\FP@rega=\count395
\FP@regb=\count396
\FP@regs=\count397
\FP@times=\count398
)
("C:/Program Files/MiKTeX 2.9/tex/latex/fp/fp-addons.sty"
Package: fp-addons 1995/03/15
)
("C:/Program Files/MiKTeX 2.9/tex/latex/fp/fp-snap.sty"
Package: fp-snap 1995/04/05
)
("C:/Program Files/MiKTeX 2.9/tex/latex/fp/fp-exp.sty"
Package: fp-exp 1995/04/03
)
("C:/Program Files/MiKTeX 2.9/tex/latex/fp/fp-trigo.sty"
Package: fp-trigo 1995/04/14
)
("C:/Program Files/MiKTeX 2.9/tex/latex/fp/fp-pas.sty"
Package: fp-pas 1994/08/29
)
("C:/Program Files/MiKTeX 2.9/tex/latex/fp/fp-random.sty"
Package: fp-random 1995/02/23
\FPseed=\count399
)
("C:/Program Files/MiKTeX 2.9/tex/latex/fp/fp-eqn.sty"
Package: fp-eqn 1995/04/03
)
("C:/Program Files/MiKTeX 2.9/tex/latex/fp/fp-upn.sty"
Package: fp-upn 1996/10/21
)
("C:/Program Files/MiKTeX 2.9/tex/latex/fp/fp-eval.sty"
Package: fp-eval 1995/04/03
))
\tkzRadius=\dimen406
\tkzLength=\dimen407
\tkz@radi=\dimen408
\tkz@ax=\dimen409
\tkz@ay=\dimen410
\tkz@bx=\dimen411
\tkz@by=\dimen412
\tkz@cx=\dimen413
\tkz@cy=\dimen414
\tkz@dx=\dimen415
\tkz@dy=\dimen416

("C:/Program Files/MiKTeX 2.9/tex/latex/tkz-base/tkz-tools-utilities.tex")
("C:/Program Files/MiKTeX 2.9/tex/latex/tkz-base/tkz-tools-arith.tex"
File: tkz-tool-arith.tex tkz-tool-arith 1.161 c
)
("C:/Program Files/MiKTeX 2.9/tex/latex/tkz-base/tkz-tools-base.tex")
("C:/Program Files/MiKTeX 2.9/tex/latex/tkz-base/tkz-tools-misc.tex")
("C:/Program Files/MiKTeX 2.9/tex/latex/tkz-base/tkz-tools-math.tex")
("C:/Program Files/MiKTeX 2.9/tex/latex/tkz-base/tkz-obj-points.tex")
("C:/Program Files/MiKTeX 2.9/tex/latex/tkz-base/tkz-obj-segments.tex")
("C:/Program Files/MiKTeX 2.9/tex/latex/tkz-base/tkz-obj-marks.tex"
\tkz@cntmk=\count400
))
("C:/Program Files/MiKTeX 2.9/tex/latex/tkz-euclide/tkz-tools-intersections.tex
")
("C:/Program Files/MiKTeX 2.9/tex/latex/tkz-euclide/tkz-tools-transformations.t
ex") ("C:/Program Files/MiKTeX 2.9/tex/latex/tkz-euclide/tkz-obj-lines.tex")
("C:/Program Files/MiKTeX 2.9/tex/latex/tkz-euclide/tkz-lib-symbols.tex")
("C:/Program Files/MiKTeX 2.9/tex/latex/tkz-euclide/tkz-obj-circles.tex")
("C:/Program Files/MiKTeX 2.9/tex/latex/tkz-euclide/tkz-obj-addpoints.tex"))
("C:/Program Files/MiKTeX 2.9/tex/latex/tkz-euclide/tkz-obj-polygons.tex")
("C:/Program Files/MiKTeX 2.9/tex/latex/tkz-euclide/tkz-obj-vectors.tex")
("C:/Program Files/MiKTeX 2.9/tex/latex/tkz-euclide/tkz-obj-arcs.tex")
("C:/Program Files/MiKTeX 2.9/tex/latex/tkz-euclide/tkz-obj-sectors.tex")
("C:/Program Files/MiKTeX 2.9/tex/latex/tkz-euclide/tkz-obj-angles.tex")
("C:/Program Files/MiKTeX 2.9/tex/latex/tkz-euclide/tkz-obj-protractor.tex")

LaTeX Warning: Unused global option(s):
    [sans].


("C:/Users/Alexis/Google Drive/Clases colegio boston school/previas y examens d
e diciembre/1radiciembre.aux"
LaTeX Info: Redefining \. on input line 23.
LaTeX Info: Redefining \% on input line 23.
LaTeX Info: Redefining \. on input line 27.
LaTeX Info: Redefining \% on input line 27.


LaTeX Warning: Label `my-label' multiply defined.

)
LaTeX Font Info:    Checking defaults for OML/cmm/m/it on input line 53.
LaTeX Font Info:    ... okay on input line 53.
LaTeX Font Info:    Checking defaults for T1/cmr/m/n on input line 53.
LaTeX Font Info:    ... okay on input line 53.
LaTeX Font Info:    Checking defaults for OT1/cmr/m/n on input line 53.
LaTeX Font Info:    ... okay on input line 53.
LaTeX Font Info:    Checking defaults for OMS/cmsy/m/n on input line 53.
LaTeX Font Info:    ... okay on input line 53.
LaTeX Font Info:    Checking defaults for OMX/cmex/m/n on input line 53.
LaTeX Font Info:    ... okay on input line 53.
LaTeX Font Info:    Checking defaults for U/cmr/m/n on input line 53.
LaTeX Font Info:    ... okay on input line 53.
LaTeX Font Info:    Checking defaults for EU2/lmr/m/n on input line 53.
LaTeX Font Info:    ... okay on input line 53.
LaTeX Font Info:    Checking defaults for T3/cmr/m/n on input line 53.
LaTeX Font Info:    Try loading font information for T3+cmr on input line 53.
 ("C:/Program Files/MiKTeX 2.9/tex/latex/tipa/t3cmr.fd"
File: t3cmr.fd 2001/12/31 TIPA font definitions
)
LaTeX Font Info:    ... okay on input line 53.
LaTeX Font Info:    Checking defaults for PD1/pdf/m/n on input line 53.
LaTeX Font Info:    ... okay on input line 53.
LaTeX Info: Redefining \. on input line 53.
LaTeX Info: Redefining \% on input line 53.

("C:/Program Files/MiKTeX 2.9/tex/context/base/supp-pdf.mkii"
[Loading MPS to PDF converter (version 2006.09.02).]
\scratchcounter=\count401
\scratchdimen=\dimen417
\scratchbox=\box296
\nofMPsegments=\count402
\nofMParguments=\count403
\everyMPshowfont=\toks58
\MPscratchCnt=\count404
\MPscratchDim=\dimen418
\MPnumerator=\count405
\makeMPintoPDFobject=\count406
\everyMPtoPDFconversion=\toks59
)
.................................................
. fontspec info: "setup-math"
. 
. Adjusting the maths setup (use [no-math] to avoid this).
.................................................
\symlegacymaths=\mathgroup7
LaTeX Font Info:    Overwriting symbol font `legacymaths' in version `bold'
(Font)                  OT1/cmr/m/n --> OT1/cmr/bx/n on input line 53.
LaTeX Font Info:    Redeclaring math accent \acute on input line 53.
LaTeX Font Info:    Redeclaring math accent \grave on input line 53.
LaTeX Font Info:    Redeclaring math accent \ddot on input line 53.
LaTeX Font Info:    Redeclaring math accent \tilde on input line 53.
LaTeX Font Info:    Redeclaring math accent \bar on input line 53.
LaTeX Font Info:    Redeclaring math accent \breve on input line 53.
LaTeX Font Info:    Redeclaring math accent \check on input line 53.
LaTeX Font Info:    Redeclaring math accent \hat on input line 53.
LaTeX Font Info:    Redeclaring math accent \dot on input line 53.
LaTeX Font Info:    Redeclaring math accent \mathring on input line 53.
LaTeX Font Info:    Redeclaring math symbol \Gamma on input line 53.
LaTeX Font Info:    Redeclaring math symbol \Delta on input line 53.
LaTeX Font Info:    Redeclaring math symbol \Theta on input line 53.
LaTeX Font Info:    Redeclaring math symbol \Lambda on input line 53.
LaTeX Font Info:    Redeclaring math symbol \Xi on input line 53.
LaTeX Font Info:    Redeclaring math symbol \Pi on input line 53.
LaTeX Font Info:    Redeclaring math symbol \Sigma on input line 53.
LaTeX Font Info:    Redeclaring math symbol \Upsilon on input line 53.
LaTeX Font Info:    Redeclaring math symbol \Phi on input line 53.
LaTeX Font Info:    Redeclaring math symbol \Psi on input line 53.
LaTeX Font Info:    Redeclaring math symbol \Omega on input line 53.
LaTeX Font Info:    Redeclaring math symbol \mathdollar on input line 53.
LaTeX Font Info:    Redeclaring symbol font `operators' on input line 53.
LaTeX Font Info:    Encoding `OT1' has changed to `EU2' for symbol font
(Font)              `operators' in the math version `normal' on input line 53.
LaTeX Font Info:    Overwriting symbol font `operators' in version `normal'
(Font)                  OT1/cmr/m/n --> EU2/lmr/m/n on input line 53.
LaTeX Font Info:    Encoding `OT1' has changed to `EU2' for symbol font
(Font)              `operators' in the math version `bold' on input line 53.
LaTeX Font Info:    Overwriting symbol font `operators' in version `bold'
(Font)                  OT1/cmr/bx/n --> EU2/lmr/m/n on input line 53.
LaTeX Font Info:    Overwriting symbol font `operators' in version `normal'
(Font)                  EU2/lmr/m/n --> EU2/lmr/m/n on input line 53.
LaTeX Font Info:    Overwriting math alphabet `\mathit' in version `normal'
(Font)                  OT1/cmr/m/it --> EU2/lmr/m/it on input line 53.
LaTeX Font Info:    Overwriting math alphabet `\mathbf' in version `normal'
(Font)                  OT1/cmr/bx/n --> EU2/lmr/bx/n on input line 53.
LaTeX Font Info:    Overwriting math alphabet `\mathsf' in version `normal'
(Font)                  OT1/cmss/m/n --> EU2/lmss/m/n on input line 53.
LaTeX Font Info:    Overwriting math alphabet `\mathtt' in version `normal'
(Font)                  OT1/cmtt/m/n --> EU2/lmtt/m/n on input line 53.
LaTeX Font Info:    Overwriting symbol font `operators' in version `bold'
(Font)                  EU2/lmr/m/n --> EU2/lmr/bx/n on input line 53.
LaTeX Font Info:    Overwriting math alphabet `\mathit' in version `bold'
(Font)                  OT1/cmr/bx/it --> EU2/lmr/bx/it on input line 53.
LaTeX Font Info:    Overwriting math alphabet `\mathsf' in version `bold'
(Font)                  OT1/cmss/bx/n --> EU2/lmss/bx/n on input line 53.
LaTeX Font Info:    Overwriting math alphabet `\mathtt' in version `bold'
(Font)                  OT1/cmtt/m/n --> EU2/lmtt/bx/n on input line 53.

*geometry* driver: auto-detecting
*geometry* detected driver: pdftex
*geometry* verbose mode - [ preamble ] result:
* driver: pdftex
* paper: a4paper
* layout: <same size as paper>
* layoutoffset:(h,v)=(0.0pt,0.0pt)
* modes: 
* h-part:(L,W,R)=(36.135pt, 525.23788pt, 36.135pt)
* v-part:(T,H,B)=(36.135pt, 772.77686pt, 36.135pt)
* \paperwidth=597.50787pt
* \paperheight=845.04684pt
* \textwidth=525.23788pt
* \textheight=772.77686pt
* \oddsidemargin=-36.135pt
* \evensidemargin=-36.135pt
* \topmargin=-66.135pt
* \headheight=15.0pt
* \headsep=15.0pt
* \topskip=11.0pt
* \footskip=29.0pt
* \marginparwidth=36.135pt
* \marginparsep=5.0pt
* \columnsep=10.0pt
* \skip\footins=10.0pt plus 4.0pt minus 2.0pt
* \hoffset=0.0pt
* \voffset=0.0pt
* \mag=1000
* \@twocolumnfalse
* \@twosidefalse
* \@mparswitchfalse
* \@reversemarginfalse
* (1in=72.27pt=25.4mm, 1cm=28.453pt)

\AtBeginShipoutBox=\box297
Package hyperref Info: Link coloring OFF on input line 53.
("C:/Program Files/MiKTeX 2.9/tex/latex/hyperref/nameref.sty"
Package: nameref 2012/10/27 v2.43 Cross-referencing by name of section

("C:/Program Files/MiKTeX 2.9/tex/generic/oberdiek/gettitlestring.sty"
Package: gettitlestring 2010/12/03 v1.4 Cleanup title references (HO)
)
\c@section@level=\count407
)
LaTeX Info: Redefining \ref on input line 53.
LaTeX Info: Redefining \pageref on input line 53.
LaTeX Info: Redefining \nameref on input line 53.

("C:/Users/Alexis/Google Drive/Clases colegio boston school/previas y examens d
e diciembre/1radiciembre.out")
("C:/Users/Alexis/Google Drive/Clases colegio boston school/previas y examens d
e diciembre/1radiciembre.out")
\@outlinefile=\write4
LaTeX Info: Redefining \celsius on input line 53.
Package gensymb Info: Faking symbols for \degree and \celsius on input line 53.


Package gensymb Warning: Not defining \perthousand.

LaTeX Info: Redefining \ohm on input line 53.
Package gensymb Info: Using \Omega for \ohm on input line 53.

Package gensymb Warning: Not defining \micro.

ABD: EveryShipout initializing macros
LaTeX Info: Redefining \. on input line 53.
LaTeX Info: Redefining \% on input line 53.
(load luc: C:/Users/Alexis/AppData/Local/MiKTeX/2.9/luatex-cache/generic/fonts/o
tf/lmroman8-regular.luc)(load luc: C:/Users/Alexis/AppData/Local/MiKTeX/2.9/luat
ex-cache/generic/fonts/otf/lmroman6-regular.luc)
LaTeX Font Info:    Try loading font information for U+msa on input line 60.
 ("C:/Program Files/MiKTeX 2.9/tex/latex/amsfonts/umsa.fd"
File: umsa.fd 2013/01/14 v3.01 AMS symbols A
)
LaTeX Font Info:    Try loading font information for U+msb on input line 60.

("C:/Program Files/MiKTeX 2.9/tex/latex/amsfonts/umsb.fd"
File: umsb.fd 2013/01/14 v3.01 AMS symbols B
)
LaTeX Font Info:    Try loading font information for U+rsfs on input line 60.

("C:/Program Files/MiKTeX 2.9/tex/latex/jknappen/ursfs.fd"
File: ursfs.fd 1998/03/24 rsfs font definition file (jk)
)
Underfull \hbox (badness 10000) in paragraph at lines 60--66

 []

<bost.png, id=41, 194.97844pt x 110.66344pt>
File: bost.png Graphic file (type png)
 <use bost.png>
Package pdftex.def Info: bost.png used on input line 69.
(pdftex.def)             Requested size: 42.01999pt x 23.84789pt.

Overfull \hbox (2.43088pt too wide) in paragraph at lines 58--73
[]$[]$ $[]$ 
 []

(load luc: C:/Users/Alexis/AppData/Local/MiKTeX/2.9/luatex-cache/generic/fonts/o
tf/lmromanslant10-bold.luc)(load luc: C:/Users/Alexis/AppData/Local/MiKTeX/2.9/l
uatex-cache/generic/fonts/otf/lmroman12-regular.luc)(load luc: C:/Users/Alexis/A
ppData/Local/MiKTeX/2.9/luatex-cache/generic/fonts/otf/lmroman12-bold.luc)
Package babel Info: Redefining spanish shorthand <<
(babel)             in language  on input line 91.
Package babel Info: Redefining spanish shorthand >>
(babel)             in language  on input line 91.
Package babel Info: Redefining spanish shorthand "=
(babel)             in language  on input line 91.
Package babel Info: Redefining spanish shorthand "~
(babel)             in language  on input line 91.
Package babel Info: Redefining spanish shorthand "!
(babel)             in language  on input line 91.
Package babel Info: Redefining spanish shorthand "?
(babel)             in language  on input line 91.
Package babel Info: Redefining spanish shorthand <<
(babel)             in language  on input line 94.
Package babel Info: Redefining spanish shorthand >>
(babel)             in language  on input line 94.
Package babel Info: Redefining spanish shorthand "=
(babel)             in language  on input line 94.
Package babel Info: Redefining spanish shorthand "~
(babel)             in language  on input line 94.
Package babel Info: Redefining spanish shorthand "!
(babel)             in language  on input line 94.
Package babel Info: Redefining spanish shorthand "?
(babel)             in language  on input line 94.
Package babel Info: Redefining spanish shorthand <<
(babel)             in language  on input line 111.
Package babel Info: Redefining spanish shorthand >>
(babel)             in language  on input line 111.
Package babel Info: Redefining spanish shorthand "=
(babel)             in language  on input line 111.
Package babel Info: Redefining spanish shorthand "~
(babel)             in language  on input line 111.
Package babel Info: Redefining spanish shorthand "!
(babel)             in language  on input line 111.
Package babel Info: Redefining spanish shorthand "?
(babel)             in language  on input line 111.
Package babel Info: Redefining spanish shorthand <<
(babel)             in language  on input line 121.
Package babel Info: Redefining spanish shorthand >>
(babel)             in language  on input line 121.
Package babel Info: Redefining spanish shorthand "=
(babel)             in language  on input line 121.
Package babel Info: Redefining spanish shorthand "~
(babel)             in language  on input line 121.
Package babel Info: Redefining spanish shorthand "!
(babel)             in language  on input line 121.
Package babel Info: Redefining spanish shorthand "?
(babel)             in language  on input line 121.
Package babel Info: Redefining spanish shorthand <<
(babel)             in language  on input line 138.
Package babel Info: Redefining spanish shorthand >>
(babel)             in language  on input line 138.
Package babel Info: Redefining spanish shorthand "=
(babel)             in language  on input line 138.
Package babel Info: Redefining spanish shorthand "~
(babel)             in language  on input line 138.
Package babel Info: Redefining spanish shorthand "!
(babel)             in language  on input line 138.
Package babel Info: Redefining spanish shorthand "?
(babel)             in language  on input line 138.

Underfull \hbox (badness 10000) in paragraph at lines 143--144

 []


Overfull \hbox (17.0pt too wide) in paragraph at lines 157--158
[][][] 
 []

Package babel Info: Redefining spanish shorthand <<
(babel)             in language  on input line 166.
Package babel Info: Redefining spanish shorthand >>
(babel)             in language  on input line 166.
Package babel Info: Redefining spanish shorthand "=
(babel)             in language  on input line 166.
Package babel Info: Redefining spanish shorthand "~
(babel)             in language  on input line 166.
Package babel Info: Redefining spanish shorthand "!
(babel)             in language  on input line 166.
Package babel Info: Redefining spanish shorthand "?
(babel)             in language  on input line 166.
Package babel Info: Redefining spanish shorthand <<
(babel)             in language  on input line 166.
Package babel Info: Redefining spanish shorthand >>
(babel)             in language  on input line 166.
Package babel Info: Redefining spanish shorthand "=
(babel)             in language  on input line 166.
Package babel Info: Redefining spanish shorthand "~
(babel)             in language  on input line 166.
Package babel Info: Redefining spanish shorthand "!
(babel)             in language  on input line 166.
Package babel Info: Redefining spanish shorthand "?
(babel)             in language  on input line 166.
[1
Non-PDF special ignored!
Non-PDF special ignored!
Non-PDF special ignored!
Non-PDF special ignored!
Non-PDF special ignored!
Non-PDF special ignored!
Non-PDF special ignored!
Non-PDF special ignored!
Non-PDF special ignored!


Non-PDF special ignored!
Non-PDF special ignored!
Non-PDF special ignored!
Non-PDF special ignored!{C:/ProgramData/MiKTeX/2.9/pdftex/config/pdftex.map} <C:
/Users/Alexis/Google Drive/Clases colegio boston school/previas y examens de dic
iembre/bost.png>]
Underfull \hbox (badness 10000) in paragraph at lines 169--175

 []

File: bost.png Graphic file (type png)
<use bost.png>
Package pdftex.def Info: bost.png used on input line 178.
(pdftex.def)             Requested size: 42.01999pt x 23.84789pt.

Overfull \hbox (2.43088pt too wide) in paragraph at lines 167--182
[]$[]$ $[]$ 
 []

LuaTeX warning (ext4): destination with the same identifier (name{section.1}) ha
s been already used, duplicate ignored
<to be read again> 
\relax 
l.202 ...ion{Numeros Reales y conjuntos (1 puntos) }
                                                  
Package babel Info: Redefining spanish shorthand <<
(babel)             in language  on input line 202.
Package babel Info: Redefining spanish shorthand >>
(babel)             in language  on input line 202.
Package babel Info: Redefining spanish shorthand "=
(babel)             in language  on input line 202.
Package babel Info: Redefining spanish shorthand "~
(babel)             in language  on input line 202.
Package babel Info: Redefining spanish shorthand "!
(babel)             in language  on input line 202.
Package babel Info: Redefining spanish shorthand "?
(babel)             in language  on input line 202.
LuaTeX warning (ext4): destination with the same identifier (name{section.2}) ha
s been already used, duplicate ignored
<to be read again> 
\relax 
l.205 \section{Radicacion (3 puntos)}
                                   
Package babel Info: Redefining spanish shorthand <<
(babel)             in language  on input line 205.
Package babel Info: Redefining spanish shorthand >>
(babel)             in language  on input line 205.
Package babel Info: Redefining spanish shorthand "=
(babel)             in language  on input line 205.
Package babel Info: Redefining spanish shorthand "~
(babel)             in language  on input line 205.
Package babel Info: Redefining spanish shorthand "!
(babel)             in language  on input line 205.
Package babel Info: Redefining spanish shorthand "?
(babel)             in language  on input line 205.
LuaTeX warning (ext4): destination with the same identifier (name{section.3}) ha
s been already used, duplicate ignored
<to be read again> 
\relax 
l.222 \section{Cuadraticas (3 puntos)}
                                    
Package babel Info: Redefining spanish shorthand <<
(babel)             in language  on input line 222.
Package babel Info: Redefining spanish shorthand >>
(babel)             in language  on input line 222.
Package babel Info: Redefining spanish shorthand "=
(babel)             in language  on input line 222.
Package babel Info: Redefining spanish shorthand "~
(babel)             in language  on input line 222.
Package babel Info: Redefining spanish shorthand "!
(babel)             in language  on input line 222.
Package babel Info: Redefining spanish shorthand "?
(babel)             in language  on input line 222.
LuaTeX warning (ext4): destination with the same identifier (name{section.4}) ha
s been already used, duplicate ignored
<to be read again> 
\relax 
l.232 ...tion{Logaritmos y exponenciales (3 puntos)}
                                                  
Package babel Info: Redefining spanish shorthand <<
(babel)             in language  on input line 232.
Package babel Info: Redefining spanish shorthand >>
(babel)             in language  on input line 232.
Package babel Info: Redefining spanish shorthand "=
(babel)             in language  on input line 232.
Package babel Info: Redefining spanish shorthand "~
(babel)             in language  on input line 232.
Package babel Info: Redefining spanish shorthand "!
(babel)             in language  on input line 232.
Package babel Info: Redefining spanish shorthand "?
(babel)             in language  on input line 232.
LuaTeX warning (ext4): destination with the same identifier (name{section.5}) ha
s been already used, duplicate ignored
<to be read again> 
\relax 
l.248 \section{Bonus}
                   
Package babel Info: Redefining spanish shorthand <<
(babel)             in language  on input line 248.
Package babel Info: Redefining spanish shorthand >>
(babel)             in language  on input line 248.
Package babel Info: Redefining spanish shorthand "=
(babel)             in language  on input line 248.
Package babel Info: Redefining spanish shorthand "~
(babel)             in language  on input line 248.
Package babel Info: Redefining spanish shorthand "!
(babel)             in language  on input line 248.
Package babel Info: Redefining spanish shorthand "?
(babel)             in language  on input line 248.

Underfull \hbox (badness 10000) in paragraph at lines 253--254

 []


Overfull \hbox (17.0pt too wide) in paragraph at lines 263--264
[][][] 
 []

Package babel Info: Redefining spanish shorthand <<
(babel)             in language  on input line 270.
Package babel Info: Redefining spanish shorthand >>
(babel)             in language  on input line 270.
Package babel Info: Redefining spanish shorthand "=
(babel)             in language  on input line 270.
Package babel Info: Redefining spanish shorthand "~
(babel)             in language  on input line 270.
Package babel Info: Redefining spanish shorthand "!
(babel)             in language  on input line 270.
Package babel Info: Redefining spanish shorthand "?
(babel)             in language  on input line 270.
Package babel Info: Redefining spanish shorthand <<
(babel)             in language  on input line 270.
Package babel Info: Redefining spanish shorthand >>
(babel)             in language  on input line 270.
Package babel Info: Redefining spanish shorthand "=
(babel)             in language  on input line 270.
Package babel Info: Redefining spanish shorthand "~
(babel)             in language  on input line 270.
Package babel Info: Redefining spanish shorthand "!
(babel)             in language  on input line 270.
Package babel Info: Redefining spanish shorthand "?
(babel)             in language  on input line 270.
[2]
Underfull \hbox (badness 10000) in paragraph at lines 273--279

 []

File: bost.png Graphic file (type png)
<use bost.png>
Package pdftex.def Info: bost.png used on input line 282.
(pdftex.def)             Requested size: 42.01999pt x 23.84789pt.

Overfull \hbox (2.43088pt too wide) in paragraph at lines 271--286
[]$[]$ $[]$ 
 []

LuaTeX warning (ext4): destination with the same identifier (name{section.1}) ha
s been already used, duplicate ignored
<to be read again> 
\relax 
l.306 ...ion{Numeros Reales y conjuntos (1 puntos) }
                                                  
Package babel Info: Redefining spanish shorthand <<
(babel)             in language  on input line 306.
Package babel Info: Redefining spanish shorthand >>
(babel)             in language  on input line 306.
Package babel Info: Redefining spanish shorthand "=
(babel)             in language  on input line 306.
Package babel Info: Redefining spanish shorthand "~
(babel)             in language  on input line 306.
Package babel Info: Redefining spanish shorthand "!
(babel)             in language  on input line 306.
Package babel Info: Redefining spanish shorthand "?
(babel)             in language  on input line 306.
LuaTeX warning (ext4): destination with the same identifier (name{section.2}) ha
s been already used, duplicate ignored
<to be read again> 
\relax 
l.309 \section{Radicacion (3 puntos)}
                                   
Package babel Info: Redefining spanish shorthand <<
(babel)             in language  on input line 309.
Package babel Info: Redefining spanish shorthand >>
(babel)             in language  on input line 309.
Package babel Info: Redefining spanish shorthand "=
(babel)             in language  on input line 309.
Package babel Info: Redefining spanish shorthand "~
(babel)             in language  on input line 309.
Package babel Info: Redefining spanish shorthand "!
(babel)             in language  on input line 309.
Package babel Info: Redefining spanish shorthand "?
(babel)             in language  on input line 309.
LuaTeX warning (ext4): destination with the same identifier (name{section.3}) ha
s been already used, duplicate ignored
<to be read again> 
\relax 
l.326 \section{Cuadraticas (3 puntos)}
                                    
Package babel Info: Redefining spanish shorthand <<
(babel)             in language  on input line 326.
Package babel Info: Redefining spanish shorthand >>
(babel)             in language  on input line 326.
Package babel Info: Redefining spanish shorthand "=
(babel)             in language  on input line 326.
Package babel Info: Redefining spanish shorthand "~
(babel)             in language  on input line 326.
Package babel Info: Redefining spanish shorthand "!
(babel)             in language  on input line 326.
Package babel Info: Redefining spanish shorthand "?
(babel)             in language  on input line 326.
LuaTeX warning (ext4): destination with the same identifier (name{section.4}) ha
s been already used, duplicate ignored
<to be read again> 
\relax 
l.336 ...tion{Logaritmos y exponenciales (3 puntos)}
                                                  
Package babel Info: Redefining spanish shorthand <<
(babel)             in language  on input line 336.
Package babel Info: Redefining spanish shorthand >>
(babel)             in language  on input line 336.
Package babel Info: Redefining spanish shorthand "=
(babel)             in language  on input line 336.
Package babel Info: Redefining spanish shorthand "~
(babel)             in language  on input line 336.
Package babel Info: Redefining spanish shorthand "!
(babel)             in language  on input line 336.
Package babel Info: Redefining spanish shorthand "?
(babel)             in language  on input line 336.
LuaTeX warning (ext4): destination with the same identifier (name{section.5}) ha
s been already used, duplicate ignored
<to be read again> 
\relax 
l.352 \section{Bonus}
                   
Package babel Info: Redefining spanish shorthand <<
(babel)             in language  on input line 352.
Package babel Info: Redefining spanish shorthand >>
(babel)             in language  on input line 352.
Package babel Info: Redefining spanish shorthand "=
(babel)             in language  on input line 352.
Package babel Info: Redefining spanish shorthand "~
(babel)             in language  on input line 352.
Package babel Info: Redefining spanish shorthand "!
(babel)             in language  on input line 352.
Package babel Info: Redefining spanish shorthand "?
(babel)             in language  on input line 352.

Underfull \hbox (badness 10000) in paragraph at lines 357--358

 []


Overfull \hbox (17.0pt too wide) in paragraph at lines 367--368
[][][] 
 []

Package babel Info: Redefining spanish shorthand <<
(babel)             in language  on input line 371.
Package babel Info: Redefining spanish shorthand >>
(babel)             in language  on input line 371.
Package babel Info: Redefining spanish shorthand "=
(babel)             in language  on input line 371.
Package babel Info: Redefining spanish shorthand "~
(babel)             in language  on input line 371.
Package babel Info: Redefining spanish shorthand "!
(babel)             in language  on input line 371.
Package babel Info: Redefining spanish shorthand "?
(babel)             in language  on input line 371.
Package babel Info: Redefining spanish shorthand <<
(babel)             in language  on input line 371.
Package babel Info: Redefining spanish shorthand >>
(babel)             in language  on input line 371.
Package babel Info: Redefining spanish shorthand "=
(babel)             in language  on input line 371.
Package babel Info: Redefining spanish shorthand "~
(babel)             in language  on input line 371.
Package babel Info: Redefining spanish shorthand "!
(babel)             in language  on input line 371.
Package babel Info: Redefining spanish shorthand "?
(babel)             in language  on input line 371.
[3]
This exam contains 0 questions with 0 parts, 0 subparts, and 0 subsubparts.
Package atveryend Info: Empty hook `BeforeClearDocument' on input line 371.
Package atveryend Info: Empty hook `AfterLastShipout' on input line 371.

("C:/Users/Alexis/Google Drive/Clases colegio boston school/previas y examens d
e diciembre/1radiciembre.aux"
LaTeX Info: Redefining \. on input line 23.
LaTeX Info: Redefining \% on input line 23.
LaTeX Info: Redefining \. on input line 27.
LaTeX Info: Redefining \% on input line 27.
)
Package atveryend Info: Executing hook `AtVeryEndDocument' on input line 371.
Package atveryend Info: Executing hook `AtEndAfterFileList' on input line 371.


Package rerunfilecheck Warning: File `1radiciembre.out' has changed.
(rerunfilecheck)                Rerun to get outlines right
(rerunfilecheck)                or use package `bookmark'.

Package rerunfilecheck Info: Checksums for `1radiciembre.out':
(rerunfilecheck)             Before: 34A87FAF0C16289AC22B934F2E45C714;623
(rerunfilecheck)             After:  AAC7CD48C8C91053C8C9B9F3D315F05B;939.

LaTeX Warning: There were multiply-defined labels.

Package atveryend Info: Empty hook `AtVeryVeryEnd' on input line 371.
 )

Here is how much of LuaTeX's memory you used:
 41665 strings out of 494733
 100000,1144653 words of node,token memory allocated
 503 words of node memory still in use:
    nodes
   avail lists: 1:1,2:3306,3:202,4:1011,5:132,6:1157,7:83,8:16,9:340,10:156
 43800 multiletter control sequences out of 65536+200000
 48 fonts using 3364239 bytes
 55i,10n,71p,654b,361s stack positions out of 5000i,500n,10000p,200000b,50000s
<c:/program files/miktex 2.9/fonts/opentype/public/lm/lmroman8-regular.otf><c:/p
rogram files/miktex 2.9/fonts/opentype/public/lm/lmroman12-bold.otf><c:/program 
files/miktex 2.9/fonts/opentype/public/lm/lmroman10-regular.otf><c:/program file
s/miktex 2.9/fonts/opentype/public/lm/lmromanslant10-bold.otf><c:/program files/
miktex 2.9/fonts/opentype/public/lm/lmroman10-bold.otf><C:/Program Files/MiKTeX 
2.9/fonts/type1/public/amsfonts/cm/cmex10.pfb><C:/Program Files/MiKTeX 2.9/fonts
/type1/public/amsfonts/cm/cmmi10.pfb><C:/Program Files/MiKTeX 2.9/fonts/type1/pu
blic/amsfonts/cm/cmmi8.pfb><C:/Program Files/MiKTeX 2.9/fonts/type1/public/amsfo
nts/cm/cmr10.pfb><C:/Program Files/MiKTeX 2.9/fonts/type1/public/amsfonts/cm/cmr
6.pfb><C:/Program Files/MiKTeX 2.9/fonts/type1/public/amsfonts/cm/cmr8.pfb><C:/P
rogram Files/MiKTeX 2.9/fonts/type1/public/amsfonts/cm/cmsy10.pfb><C:/Program Fi
les/MiKTeX 2.9/fonts/type1/public/amsfonts/cm/cmsy8.pfb><C:/Program Files/MiKTeX
 2.9/fonts/type1/public/amsfonts/symbols/msbm10.pfb>
Output written on 1radiciembre.pdf (3 pages, 119535 bytes).

PDF statistics: 160 PDF objects out of 1000 (max. 8388607)
 36 named destinations out of 1000 (max. 131072)
 96 words of extra memory for PDF output out of 10000 (max. 10000000)

